#! /c/Source/iverilog-install/bin/vvp
:ivl_version "12.0 (devel)" "(s20150603-1539-g2693dd32b)";
:ivl_delay_selection "TYPICAL";
:vpi_time_precision + 0;
:vpi_module "C:\iverilog\lib\ivl\system.vpi";
:vpi_module "C:\iverilog\lib\ivl\vhdl_sys.vpi";
:vpi_module "C:\iverilog\lib\ivl\vhdl_textio.vpi";
:vpi_module "C:\iverilog\lib\ivl\v2005_math.vpi";
:vpi_module "C:\iverilog\lib\ivl\va_math.vpi";
S_000001b0fe9668b0 .scope module, "tb_full_adder_32bit" "tb_full_adder_32bit" 2 15;
 .timescale 0 0;
v000001b0fe9c2ed0_0 .var "A", 31 0;
v000001b0fe9c3330_0 .var "B", 31 0;
v000001b0fe9c3470_0 .var "Cin", 0 0;
v000001b0fe9c35b0_0 .net "Cout", 0 0, L_000001b0fe9c36f0;  1 drivers
v000001b0fe9c21b0_0 .net "Overflow", 0 0, L_000001b0fea0c740;  1 drivers
v000001b0fe9c2430_0 .net "Y", 31 0, L_000001b0fe9c3790;  1 drivers
S_000001b0fe966a40 .scope module, "uut" "full_adder_32bit" 2 22, 2 2 0, S_000001b0fe9668b0;
 .timescale 0 0;
    .port_info 0 /INPUT 32 "A";
    .port_info 1 /INPUT 32 "B";
    .port_info 2 /INPUT 1 "Cin";
    .port_info 3 /OUTPUT 32 "Y";
    .port_info 4 /OUTPUT 1 "Cout";
    .port_info 5 /OUTPUT 1 "Overflow";
L_000001b0fe956010 .functor AND 1, L_000001b0fe9c2b10, L_000001b0fe9c2f70, C4<1>, C4<1>;
L_000001b0fe9560f0 .functor NOT 1, L_000001b0fe9c2750, C4<0>, C4<0>, C4<0>;
L_000001b0fe955d70 .functor AND 1, L_000001b0fe956010, L_000001b0fe9560f0, C4<1>, C4<1>;
L_000001b0fe956240 .functor NOT 1, L_000001b0fe9c1b70, C4<0>, C4<0>, C4<0>;
L_000001b0fe955de0 .functor NOT 1, L_000001b0fe9c2250, C4<0>, C4<0>, C4<0>;
L_000001b0fe955fa0 .functor AND 1, L_000001b0fe956240, L_000001b0fe955de0, C4<1>, C4<1>;
L_000001b0fea0c6d0 .functor AND 1, L_000001b0fe955fa0, L_000001b0fe9c2bb0, C4<1>, C4<1>;
L_000001b0fea0c740 .functor OR 1, L_000001b0fe955d70, L_000001b0fea0c6d0, C4<0>, C4<0>;
v000001b0fe95c8e0_0 .net "A", 31 0, v000001b0fe9c2ed0_0;  1 drivers
v000001b0fe95d1a0_0 .net "B", 31 0, v000001b0fe9c3330_0;  1 drivers
v000001b0fe95cca0_0 .net "Cin", 0 0, v000001b0fe9c3470_0;  1 drivers
v000001b0fe95d380_0 .net "Cout", 0 0, L_000001b0fe9c36f0;  alias, 1 drivers
v000001b0fe95c700_0 .net "Overflow", 0 0, L_000001b0fea0c740;  alias, 1 drivers
v000001b0fe95cf20_0 .net "Y", 31 0, L_000001b0fe9c3790;  alias, 1 drivers
L_000001b0fe9c4110 .functor BUFT 1, C4<0>, C4<0>, C4<0>, C4<0>;
v000001b0fe95ce80_0 .net *"_ivl_10", 0 0, L_000001b0fe9c4110;  1 drivers
v000001b0fe95c660_0 .net *"_ivl_11", 32 0, L_000001b0fe9c24d0;  1 drivers
v000001b0fe95cc00_0 .net *"_ivl_13", 32 0, L_000001b0fe9c18f0;  1 drivers
L_000001b0fe9c4158 .functor BUFT 1, C4<00000000000000000000000000000000>, C4<0>, C4<0>, C4<0>;
v000001b0fe95cde0_0 .net *"_ivl_16", 31 0, L_000001b0fe9c4158;  1 drivers
v000001b0fe95c7a0_0 .net *"_ivl_17", 32 0, L_000001b0fe9c29d0;  1 drivers
v000001b0fe95d240_0 .net *"_ivl_20", 0 0, L_000001b0fe9c2b10;  1 drivers
v000001b0fe95d060_0 .net *"_ivl_22", 0 0, L_000001b0fe9c2f70;  1 drivers
v000001b0fe95d420_0 .net *"_ivl_23", 0 0, L_000001b0fe956010;  1 drivers
v000001b0fe95d100_0 .net *"_ivl_26", 0 0, L_000001b0fe9c2750;  1 drivers
v000001b0fe95cd40_0 .net *"_ivl_27", 0 0, L_000001b0fe9560f0;  1 drivers
v000001b0fe95cfc0_0 .net *"_ivl_29", 0 0, L_000001b0fe955d70;  1 drivers
v000001b0fe95d4c0_0 .net *"_ivl_3", 32 0, L_000001b0fe9c33d0;  1 drivers
v000001b0fe95c5c0_0 .net *"_ivl_32", 0 0, L_000001b0fe9c1b70;  1 drivers
v000001b0fe95cac0_0 .net *"_ivl_33", 0 0, L_000001b0fe956240;  1 drivers
v000001b0fe95c980_0 .net *"_ivl_36", 0 0, L_000001b0fe9c2250;  1 drivers
v000001b0fe95ca20_0 .net *"_ivl_37", 0 0, L_000001b0fe955de0;  1 drivers
v000001b0fe95cb60_0 .net *"_ivl_39", 0 0, L_000001b0fe955fa0;  1 drivers
v000001b0fe9c2070_0 .net *"_ivl_42", 0 0, L_000001b0fe9c2bb0;  1 drivers
v000001b0fe9c2a70_0 .net *"_ivl_43", 0 0, L_000001b0fea0c6d0;  1 drivers
L_000001b0fe9c40c8 .functor BUFT 1, C4<0>, C4<0>, C4<0>, C4<0>;
v000001b0fe9c1990_0 .net *"_ivl_6", 0 0, L_000001b0fe9c40c8;  1 drivers
v000001b0fe9c1df0_0 .net *"_ivl_7", 32 0, L_000001b0fe9c1f30;  1 drivers
L_000001b0fe9c36f0 .part L_000001b0fe9c29d0, 32, 1;
L_000001b0fe9c3790 .part L_000001b0fe9c29d0, 0, 32;
L_000001b0fe9c33d0 .concat [ 32 1 0 0], v000001b0fe9c2ed0_0, L_000001b0fe9c40c8;
L_000001b0fe9c1f30 .concat [ 32 1 0 0], v000001b0fe9c3330_0, L_000001b0fe9c4110;
L_000001b0fe9c24d0 .arith/sum 33, L_000001b0fe9c33d0, L_000001b0fe9c1f30;
L_000001b0fe9c18f0 .concat [ 1 32 0 0], v000001b0fe9c3470_0, L_000001b0fe9c4158;
L_000001b0fe9c29d0 .arith/sum 33, L_000001b0fe9c24d0, L_000001b0fe9c18f0;
L_000001b0fe9c2b10 .part v000001b0fe9c2ed0_0, 31, 1;
L_000001b0fe9c2f70 .part v000001b0fe9c3330_0, 31, 1;
L_000001b0fe9c2750 .part L_000001b0fe9c3790, 31, 1;
L_000001b0fe9c1b70 .part v000001b0fe9c2ed0_0, 31, 1;
L_000001b0fe9c2250 .part v000001b0fe9c3330_0, 31, 1;
L_000001b0fe9c2bb0 .part L_000001b0fe9c3790, 31, 1;
    .scope S_000001b0fe9668b0;
T_0 ;
    %vpi_call 2 33 "$dumpfile", "full_adder_32bit.vcd" {0 0 0};
    %vpi_call 2 34 "$dumpvars", 32'sb00000000000000000000000000000000, S_000001b0fe9668b0 {0 0 0};
    %pushi/vec4 4294967041, 0, 32;
    %store/vec4 v000001b0fe9c2ed0_0, 0, 32;
    %pushi/vec4 26, 0, 32;
    %store/vec4 v000001b0fe9c3330_0, 0, 32;
    %pushi/vec4 0, 0, 1;
    %store/vec4 v000001b0fe9c3470_0, 0, 1;
    %delay 10, 0;
    %vpi_call 2 41 "$display", "Test 1: A = %h, B = %h, Cin = %b, Y = %h, Cout = %b, Overflow = %b", v000001b0fe9c2ed0_0, v000001b0fe9c3330_0, v000001b0fe9c3470_0, v000001b0fe9c2430_0, v000001b0fe9c35b0_0, v000001b0fe9c21b0_0 {0 0 0};
    %pushi/vec4 305419896, 0, 32;
    %store/vec4 v000001b0fe9c2ed0_0, 0, 32;
    %pushi/vec4 2271560481, 0, 32;
    %store/vec4 v000001b0fe9c3330_0, 0, 32;
    %pushi/vec4 1, 0, 1;
    %store/vec4 v000001b0fe9c3470_0, 0, 1;
    %delay 10, 0;
    %vpi_call 2 48 "$display", "Test 2: A = %h, B = %h, Cin = %b, Y = %h, Cout = %b, Overflow = %b", v000001b0fe9c2ed0_0, v000001b0fe9c3330_0, v000001b0fe9c3470_0, v000001b0fe9c2430_0, v000001b0fe9c35b0_0, v000001b0fe9c21b0_0 {0 0 0};
    %pushi/vec4 2863311530, 0, 32;
    %store/vec4 v000001b0fe9c2ed0_0, 0, 32;
    %pushi/vec4 1431655765, 0, 32;
    %store/vec4 v000001b0fe9c3330_0, 0, 32;
    %pushi/vec4 0, 0, 1;
    %store/vec4 v000001b0fe9c3470_0, 0, 1;
    %delay 10, 0;
    %vpi_call 2 55 "$display", "Test 3: A = %h, B = %h, Cin = %b, Y = %h, Cout = %b, Overflow = %b", v000001b0fe9c2ed0_0, v000001b0fe9c3330_0, v000001b0fe9c3470_0, v000001b0fe9c2430_0, v000001b0fe9c35b0_0, v000001b0fe9c21b0_0 {0 0 0};
    %pushi/vec4 2147483647, 0, 32;
    %store/vec4 v000001b0fe9c2ed0_0, 0, 32;
    %pushi/vec4 1, 0, 32;
    %store/vec4 v000001b0fe9c3330_0, 0, 32;
    %pushi/vec4 1, 0, 1;
    %store/vec4 v000001b0fe9c3470_0, 0, 1;
    %delay 10, 0;
    %vpi_call 2 62 "$display", "Test 4: A = %h, B = %h, Cin = %b, Y = %h, Cout = %b, Overflow = %b", v000001b0fe9c2ed0_0, v000001b0fe9c3330_0, v000001b0fe9c3470_0, v000001b0fe9c2430_0, v000001b0fe9c35b0_0, v000001b0fe9c21b0_0 {0 0 0};
    %pushi/vec4 2147483648, 0, 32;
    %store/vec4 v000001b0fe9c2ed0_0, 0, 32;
    %pushi/vec4 2147483648, 0, 32;
    %store/vec4 v000001b0fe9c3330_0, 0, 32;
    %pushi/vec4 0, 0, 1;
    %store/vec4 v000001b0fe9c3470_0, 0, 1;
    %delay 10, 0;
    %vpi_call 2 69 "$display", "Test 5: A = %h, B = %h, Cin = %b, Y = %h, Cout = %b, Overflow = %b", v000001b0fe9c2ed0_0, v000001b0fe9c3330_0, v000001b0fe9c3470_0, v000001b0fe9c2430_0, v000001b0fe9c35b0_0, v000001b0fe9c21b0_0 {0 0 0};
    %vpi_call 2 71 "$finish" {0 0 0};
    %end;
    .thread T_0;
# The file index is used to find the file name in the following table.
:file_names 3;
    "N/A";
    "<interactive>";
    "32.V";
