#! /c/Source/iverilog-install/bin/vvp
:ivl_version "12.0 (devel)" "(s20150603-1539-g2693dd32b)";
:ivl_delay_selection "TYPICAL";
:vpi_time_precision - 9;
:vpi_module "C:\iverilog\lib\ivl\system.vpi";
:vpi_module "C:\iverilog\lib\ivl\vhdl_sys.vpi";
:vpi_module "C:\iverilog\lib\ivl\vhdl_textio.vpi";
:vpi_module "C:\iverilog\lib\ivl\v2005_math.vpi";
:vpi_module "C:\iverilog\lib\ivl\va_math.vpi";
S_00000277c1798ed0 .scope module, "testb" "testb" 2 14;
 .timescale -9 -9;
v00000277c18561c0_0 .var "a", 0 0;
v00000277c1856260_0 .var "b", 0 0;
v00000277c1856300_0 .var "sel", 0 0;
v00000277c179a900_0 .net "y", 0 0, L_00000277c179a9a0;  1 drivers
S_00000277c1855f90 .scope module, "uut" "mux_nxor" 2 18, 2 2 0, S_00000277c1798ed0;
 .timescale -9 -9;
    .port_info 0 /INPUT 1 "a";
    .port_info 1 /INPUT 1 "b";
    .port_info 2 /INPUT 1 "sel";
    .port_info 3 /OUTPUT 1 "y";
L_00000277c18563a0 .functor XNOR 1, v00000277c18561c0_0, v00000277c1856260_0, C4<0>, C4<0>;
L_00000277c189c848 .functor BUFT 1, C4<0>, C4<0>, C4<0>, C4<0>;
v00000277c1822b50_0 .net/2u *"_ivl_1", 0 0, L_00000277c189c848;  1 drivers
v00000277c18228d0_0 .net "a", 0 0, v00000277c18561c0_0;  1 drivers
v00000277c1798c70_0 .net "b", 0 0, v00000277c1856260_0;  1 drivers
v00000277c1799060_0 .net "nxor_ab", 0 0, L_00000277c18563a0;  1 drivers
v00000277c1799100_0 .net "sel", 0 0, v00000277c1856300_0;  1 drivers
v00000277c1856120_0 .net "y", 0 0, L_00000277c179a9a0;  alias, 1 drivers
L_00000277c179a9a0 .functor MUXZ 1, L_00000277c189c848, L_00000277c18563a0, v00000277c1856300_0, C4<>;
    .scope S_00000277c1798ed0;
T_0 ;
    %vpi_call 2 21 "$dumpfile", "test1.vcd" {0 0 0};
    %vpi_call 2 22 "$dumpvars" {0 0 0};
    %vpi_call 2 23 "$monitor", "a=%b, b=%b, sel=%b, y=%b", v00000277c18561c0_0, v00000277c1856260_0, v00000277c1856300_0, v00000277c179a900_0 {0 0 0};
    %pushi/vec4 0, 0, 1;
    %store/vec4 v00000277c18561c0_0, 0, 1;
    %pushi/vec4 0, 0, 1;
    %store/vec4 v00000277c1856260_0, 0, 1;
    %pushi/vec4 0, 0, 1;
    %store/vec4 v00000277c1856300_0, 0, 1;
    %delay 10, 0;
    %pushi/vec4 0, 0, 1;
    %store/vec4 v00000277c18561c0_0, 0, 1;
    %pushi/vec4 0, 0, 1;
    %store/vec4 v00000277c1856260_0, 0, 1;
    %pushi/vec4 1, 0, 1;
    %store/vec4 v00000277c1856300_0, 0, 1;
    %delay 10, 0;
    %pushi/vec4 0, 0, 1;
    %store/vec4 v00000277c18561c0_0, 0, 1;
    %pushi/vec4 1, 0, 1;
    %store/vec4 v00000277c1856260_0, 0, 1;
    %pushi/vec4 0, 0, 1;
    %store/vec4 v00000277c1856300_0, 0, 1;
    %delay 10, 0;
    %pushi/vec4 0, 0, 1;
    %store/vec4 v00000277c18561c0_0, 0, 1;
    %pushi/vec4 1, 0, 1;
    %store/vec4 v00000277c1856260_0, 0, 1;
    %pushi/vec4 1, 0, 1;
    %store/vec4 v00000277c1856300_0, 0, 1;
    %delay 10, 0;
    %pushi/vec4 1, 0, 1;
    %store/vec4 v00000277c18561c0_0, 0, 1;
    %pushi/vec4 0, 0, 1;
    %store/vec4 v00000277c1856260_0, 0, 1;
    %pushi/vec4 0, 0, 1;
    %store/vec4 v00000277c1856300_0, 0, 1;
    %delay 10, 0;
    %pushi/vec4 1, 0, 1;
    %store/vec4 v00000277c18561c0_0, 0, 1;
    %pushi/vec4 0, 0, 1;
    %store/vec4 v00000277c1856260_0, 0, 1;
    %pushi/vec4 1, 0, 1;
    %store/vec4 v00000277c1856300_0, 0, 1;
    %delay 10, 0;
    %pushi/vec4 1, 0, 1;
    %store/vec4 v00000277c18561c0_0, 0, 1;
    %pushi/vec4 1, 0, 1;
    %store/vec4 v00000277c1856260_0, 0, 1;
    %pushi/vec4 0, 0, 1;
    %store/vec4 v00000277c1856300_0, 0, 1;
    %delay 10, 0;
    %pushi/vec4 1, 0, 1;
    %store/vec4 v00000277c18561c0_0, 0, 1;
    %pushi/vec4 1, 0, 1;
    %store/vec4 v00000277c1856260_0, 0, 1;
    %pushi/vec4 1, 0, 1;
    %store/vec4 v00000277c1856300_0, 0, 1;
    %delay 10, 0;
    %vpi_call 2 33 "$finish" {0 0 0};
    %end;
    .thread T_0;
# The file index is used to find the file name in the following table.
:file_names 3;
    "N/A";
    "<interactive>";
    "NXOR_Multiplexer_Devan.v";
