#! /c/Source/iverilog-install/bin/vvp
:ivl_version "12.0 (devel)" "(s20150603-1539-g2693dd32b)";
:ivl_delay_selection "TYPICAL";
:vpi_time_precision + 0;
:vpi_module "C:\iverilog\lib\ivl\system.vpi";
:vpi_module "C:\iverilog\lib\ivl\vhdl_sys.vpi";
:vpi_module "C:\iverilog\lib\ivl\vhdl_textio.vpi";
:vpi_module "C:\iverilog\lib\ivl\v2005_math.vpi";
:vpi_module "C:\iverilog\lib\ivl\va_math.vpi";
S_00000246c56b6640 .scope module, "adder_32bit" "adder_32bit" 2 14;
 .timescale 0 0;
    .port_info 0 /INPUT 32 "a";
    .port_info 1 /INPUT 32 "b";
    .port_info 2 /INPUT 1 "cin";
    .port_info 3 /OUTPUT 32 "sum";
    .port_info 4 /OUTPUT 1 "cout";
o00000246c573e1e8 .functor BUFZ 32, C4<zzzzzzzzzzzzzzzzzzzzzzzzzzzzzzzz>; HiZ drive
v00000246c58063e0_0 .net "a", 31 0, o00000246c573e1e8;  0 drivers
o00000246c573e218 .functor BUFZ 32, C4<zzzzzzzzzzzzzzzzzzzzzzzzzzzzzzzz>; HiZ drive
v00000246c58077e0_0 .net "b", 31 0, o00000246c573e218;  0 drivers
v00000246c580bfa0_0 .net "carry", 31 0, L_00000246c580e480;  1 drivers
o00000246c5738938 .functor BUFZ 1, C4<z>; HiZ drive
v00000246c580d620_0 .net "cin", 0 0, o00000246c5738938;  0 drivers
v00000246c580ccc0_0 .net "cout", 0 0, L_00000246c5820510;  1 drivers
v00000246c580dbc0_0 .net "sum", 31 0, L_00000246c580e660;  1 drivers
L_00000246c580d760 .part o00000246c573e1e8, 0, 1;
L_00000246c580c4a0 .part o00000246c573e218, 0, 1;
L_00000246c580b820 .part o00000246c573e1e8, 1, 1;
L_00000246c580cae0 .part o00000246c573e218, 1, 1;
L_00000246c580dc60 .part L_00000246c580e480, 0, 1;
L_00000246c580cd60 .part o00000246c573e1e8, 2, 1;
L_00000246c580d800 .part o00000246c573e218, 2, 1;
L_00000246c580ce00 .part L_00000246c580e480, 1, 1;
L_00000246c580b960 .part o00000246c573e1e8, 3, 1;
L_00000246c580da80 .part o00000246c573e218, 3, 1;
L_00000246c580b8c0 .part L_00000246c580e480, 2, 1;
L_00000246c580d260 .part o00000246c573e1e8, 4, 1;
L_00000246c580d6c0 .part o00000246c573e218, 4, 1;
L_00000246c580d580 .part L_00000246c580e480, 3, 1;
L_00000246c580c5e0 .part o00000246c573e1e8, 5, 1;
L_00000246c580cfe0 .part o00000246c573e218, 5, 1;
L_00000246c580d8a0 .part L_00000246c580e480, 4, 1;
L_00000246c580cb80 .part o00000246c573e1e8, 6, 1;
L_00000246c580c9a0 .part o00000246c573e218, 6, 1;
L_00000246c580d940 .part L_00000246c580e480, 5, 1;
L_00000246c580c540 .part o00000246c573e1e8, 7, 1;
L_00000246c580c400 .part o00000246c573e218, 7, 1;
L_00000246c580cc20 .part L_00000246c580e480, 6, 1;
L_00000246c580cea0 .part o00000246c573e1e8, 8, 1;
L_00000246c580c680 .part o00000246c573e218, 8, 1;
L_00000246c580b6e0 .part L_00000246c580e480, 7, 1;
L_00000246c580c720 .part o00000246c573e1e8, 9, 1;
L_00000246c580bd20 .part o00000246c573e218, 9, 1;
L_00000246c580c2c0 .part L_00000246c580e480, 8, 1;
L_00000246c580c360 .part o00000246c573e1e8, 10, 1;
L_00000246c580baa0 .part o00000246c573e218, 10, 1;
L_00000246c580dda0 .part L_00000246c580e480, 9, 1;
L_00000246c580c7c0 .part o00000246c573e1e8, 11, 1;
L_00000246c580d1c0 .part o00000246c573e218, 11, 1;
L_00000246c580d300 .part L_00000246c580e480, 10, 1;
L_00000246c580c860 .part o00000246c573e1e8, 12, 1;
L_00000246c580dd00 .part o00000246c573e218, 12, 1;
L_00000246c580de40 .part L_00000246c580e480, 11, 1;
L_00000246c580db20 .part o00000246c573e1e8, 13, 1;
L_00000246c580d3a0 .part o00000246c573e218, 13, 1;
L_00000246c580d9e0 .part L_00000246c580e480, 12, 1;
L_00000246c580cf40 .part o00000246c573e1e8, 14, 1;
L_00000246c580c0e0 .part o00000246c573e218, 14, 1;
L_00000246c580bf00 .part L_00000246c580e480, 13, 1;
L_00000246c580ba00 .part o00000246c573e1e8, 15, 1;
L_00000246c580b780 .part o00000246c573e218, 15, 1;
L_00000246c580bb40 .part L_00000246c580e480, 14, 1;
L_00000246c580d440 .part o00000246c573e1e8, 16, 1;
L_00000246c580bbe0 .part o00000246c573e218, 16, 1;
L_00000246c580bc80 .part L_00000246c580e480, 15, 1;
L_00000246c580c900 .part o00000246c573e1e8, 17, 1;
L_00000246c580d120 .part o00000246c573e218, 17, 1;
L_00000246c580ca40 .part L_00000246c580e480, 16, 1;
L_00000246c580bdc0 .part o00000246c573e1e8, 18, 1;
L_00000246c580be60 .part o00000246c573e218, 18, 1;
L_00000246c580c040 .part L_00000246c580e480, 17, 1;
L_00000246c580d080 .part o00000246c573e1e8, 19, 1;
L_00000246c580c180 .part o00000246c573e218, 19, 1;
L_00000246c580c220 .part L_00000246c580e480, 18, 1;
L_00000246c580d4e0 .part o00000246c573e1e8, 20, 1;
L_00000246c580ef20 .part o00000246c573e218, 20, 1;
L_00000246c580f2e0 .part L_00000246c580e480, 19, 1;
L_00000246c580e200 .part o00000246c573e1e8, 21, 1;
L_00000246c580e0c0 .part o00000246c573e218, 21, 1;
L_00000246c580dee0 .part L_00000246c580e480, 20, 1;
L_00000246c580f380 .part o00000246c573e1e8, 22, 1;
L_00000246c580e7a0 .part o00000246c573e218, 22, 1;
L_00000246c580f420 .part L_00000246c580e480, 21, 1;
L_00000246c580e8e0 .part o00000246c573e1e8, 23, 1;
L_00000246c580ed40 .part o00000246c573e218, 23, 1;
L_00000246c580eca0 .part L_00000246c580e480, 22, 1;
L_00000246c580e840 .part o00000246c573e1e8, 24, 1;
L_00000246c580df80 .part o00000246c573e218, 24, 1;
L_00000246c580e980 .part L_00000246c580e480, 23, 1;
L_00000246c580ee80 .part o00000246c573e1e8, 25, 1;
L_00000246c580eb60 .part o00000246c573e218, 25, 1;
L_00000246c580f1a0 .part L_00000246c580e480, 24, 1;
L_00000246c580e700 .part o00000246c573e1e8, 26, 1;
L_00000246c580f240 .part o00000246c573e218, 26, 1;
L_00000246c580e160 .part L_00000246c580e480, 25, 1;
L_00000246c580e020 .part o00000246c573e1e8, 27, 1;
L_00000246c580e2a0 .part o00000246c573e218, 27, 1;
L_00000246c580ea20 .part L_00000246c580e480, 26, 1;
L_00000246c580e520 .part o00000246c573e1e8, 28, 1;
L_00000246c580eac0 .part o00000246c573e218, 28, 1;
L_00000246c580ec00 .part L_00000246c580e480, 27, 1;
L_00000246c580e340 .part o00000246c573e1e8, 29, 1;
L_00000246c580e5c0 .part o00000246c573e218, 29, 1;
L_00000246c580ede0 .part L_00000246c580e480, 28, 1;
L_00000246c580efc0 .part o00000246c573e1e8, 30, 1;
L_00000246c580f060 .part o00000246c573e218, 30, 1;
L_00000246c580f4c0 .part L_00000246c580e480, 29, 1;
L_00000246c580f100 .part o00000246c573e1e8, 31, 1;
L_00000246c580f560 .part o00000246c573e218, 31, 1;
L_00000246c580e3e0 .part L_00000246c580e480, 30, 1;
LS_00000246c580e660_0_0 .concat8 [ 1 1 1 1], L_00000246c57305c0, L_00000246c5730400, L_00000246c57308d0, L_00000246c58117d0;
LS_00000246c580e660_0_4 .concat8 [ 1 1 1 1], L_00000246c5811d10, L_00000246c5811bc0, L_00000246c5812170, L_00000246c5812330;
LS_00000246c580e660_0_8 .concat8 [ 1 1 1 1], L_00000246c5812cf0, L_00000246c5812a50, L_00000246c58130e0, L_00000246c58131c0;
LS_00000246c580e660_0_12 .concat8 [ 1 1 1 1], L_00000246c5812820, L_00000246c58183e0, L_00000246c5819480, L_00000246c5818220;
LS_00000246c580e660_0_16 .concat8 [ 1 1 1 1], L_00000246c5818060, L_00000246c5819170, L_00000246c5819800, L_00000246c58185a0;
LS_00000246c580e660_0_20 .concat8 [ 1 1 1 1], L_00000246c5818c30, L_00000246c5818fb0, L_00000246c5819bf0, L_00000246c581df20;
LS_00000246c580e660_0_24 .concat8 [ 1 1 1 1], L_00000246c581d660, L_00000246c581d040, L_00000246c581c9b0, L_00000246c581d820;
LS_00000246c580e660_0_28 .concat8 [ 1 1 1 1], L_00000246c581cf60, L_00000246c581dc80, L_00000246c581deb0, L_00000246c581dba0;
LS_00000246c580e660_1_0 .concat8 [ 4 4 4 4], LS_00000246c580e660_0_0, LS_00000246c580e660_0_4, LS_00000246c580e660_0_8, LS_00000246c580e660_0_12;
LS_00000246c580e660_1_4 .concat8 [ 4 4 4 4], LS_00000246c580e660_0_16, LS_00000246c580e660_0_20, LS_00000246c580e660_0_24, LS_00000246c580e660_0_28;
L_00000246c580e660 .concat8 [ 16 16 0 0], LS_00000246c580e660_1_0, LS_00000246c580e660_1_4;
LS_00000246c580e480_0_0 .concat8 [ 1 1 1 1], L_00000246c5730160, L_00000246c5730780, L_00000246c5811920, L_00000246c58125d0;
LS_00000246c580e480_0_4 .concat8 [ 1 1 1 1], L_00000246c58124f0, L_00000246c5811e60, L_00000246c5812250, L_00000246c5812970;
LS_00000246c580e480_0_8 .concat8 [ 1 1 1 1], L_00000246c58129e0, L_00000246c5812b30, L_00000246c58135b0, L_00000246c5813540;
LS_00000246c580e480_0_12 .concat8 [ 1 1 1 1], L_00000246c5819090, L_00000246c5818ca0, L_00000246c5818a70, L_00000246c5818140;
LS_00000246c580e480_0_16 .concat8 [ 1 1 1 1], L_00000246c58192c0, L_00000246c58193a0, L_00000246c5818530, L_00000246c5819950;
LS_00000246c580e480_0_20 .concat8 [ 1 1 1 1], L_00000246c5818e60, L_00000246c5819b80, L_00000246c581d200, L_00000246c581dd60;
LS_00000246c580e480_0_24 .concat8 [ 1 1 1 1], L_00000246c581e310, L_00000246c581dc10, L_00000246c581d350, L_00000246c581ce80;
LS_00000246c580e480_0_28 .concat8 [ 1 1 1 1], L_00000246c581cb70, L_00000246c581e150, L_00000246c581da50, L_00000246c581e5b0;
LS_00000246c580e480_1_0 .concat8 [ 4 4 4 4], LS_00000246c580e480_0_0, LS_00000246c580e480_0_4, LS_00000246c580e480_0_8, LS_00000246c580e480_0_12;
LS_00000246c580e480_1_4 .concat8 [ 4 4 4 4], LS_00000246c580e480_0_16, LS_00000246c580e480_0_20, LS_00000246c580e480_0_24, LS_00000246c580e480_0_28;
L_00000246c580e480 .concat8 [ 16 16 0 0], LS_00000246c580e480_1_0, LS_00000246c580e480_1_4;
L_00000246c5820510 .part L_00000246c580e480, 31, 1;
S_00000246c56b67d0 .scope generate, "adder_loop[0]" "adder_loop[0]" 2 26, 2 26 0, S_00000246c56b6640;
 .timescale 0 0;
P_00000246c5733560 .param/l "i" 0 2 26, +C4<00>;
S_00000246c56824d0 .scope generate, "genblk1" "genblk1" 2 27, 2 27 0, S_00000246c56b67d0;
 .timescale 0 0;
S_00000246c5682660 .scope module, "FA" "full_adder" 2 28, 2 2 0, S_00000246c56824d0;
 .timescale 0 0;
    .port_info 0 /INPUT 1 "a";
    .port_info 1 /INPUT 1 "b";
    .port_info 2 /INPUT 1 "cin";
    .port_info 3 /OUTPUT 1 "sum";
    .port_info 4 /OUTPUT 1 "cout";
L_00000246c57302b0 .functor XOR 1, L_00000246c580d760, L_00000246c580c4a0, C4<0>, C4<0>;
L_00000246c57305c0 .functor XOR 1, L_00000246c57302b0, o00000246c5738938, C4<0>, C4<0>;
L_00000246c5730320 .functor AND 1, L_00000246c580d760, L_00000246c580c4a0, C4<1>, C4<1>;
L_00000246c5730390 .functor AND 1, L_00000246c580c4a0, o00000246c5738938, C4<1>, C4<1>;
L_00000246c57300f0 .functor OR 1, L_00000246c5730320, L_00000246c5730390, C4<0>, C4<0>;
L_00000246c57306a0 .functor AND 1, L_00000246c580d760, o00000246c5738938, C4<1>, C4<1>;
L_00000246c5730160 .functor OR 1, L_00000246c57300f0, L_00000246c57306a0, C4<0>, C4<0>;
v00000246c572dc60_0 .net *"_ivl_0", 0 0, L_00000246c57302b0;  1 drivers
v00000246c572e2a0_0 .net *"_ivl_10", 0 0, L_00000246c57306a0;  1 drivers
v00000246c572f240_0 .net *"_ivl_4", 0 0, L_00000246c5730320;  1 drivers
v00000246c572ee80_0 .net *"_ivl_6", 0 0, L_00000246c5730390;  1 drivers
v00000246c572e7a0_0 .net *"_ivl_8", 0 0, L_00000246c57300f0;  1 drivers
v00000246c572f380_0 .net "a", 0 0, L_00000246c580d760;  1 drivers
v00000246c572ede0_0 .net "b", 0 0, L_00000246c580c4a0;  1 drivers
v00000246c572dda0_0 .net "cin", 0 0, o00000246c5738938;  alias, 0 drivers
v00000246c572e340_0 .net "cout", 0 0, L_00000246c5730160;  1 drivers
v00000246c572e5c0_0 .net "sum", 0 0, L_00000246c57305c0;  1 drivers
S_00000246c56827f0 .scope generate, "adder_loop[1]" "adder_loop[1]" 2 26, 2 26 0, S_00000246c56b6640;
 .timescale 0 0;
P_00000246c57335a0 .param/l "i" 0 2 26, +C4<01>;
S_00000246c576e870 .scope generate, "genblk1" "genblk1" 2 27, 2 27 0, S_00000246c56827f0;
 .timescale 0 0;
S_00000246c576ea00 .scope module, "FA" "full_adder" 2 33, 2 2 0, S_00000246c576e870;
 .timescale 0 0;
    .port_info 0 /INPUT 1 "a";
    .port_info 1 /INPUT 1 "b";
    .port_info 2 /INPUT 1 "cin";
    .port_info 3 /OUTPUT 1 "sum";
    .port_info 4 /OUTPUT 1 "cout";
L_00000246c572fad0 .functor XOR 1, L_00000246c580b820, L_00000246c580cae0, C4<0>, C4<0>;
L_00000246c5730400 .functor XOR 1, L_00000246c572fad0, L_00000246c580dc60, C4<0>, C4<0>;
L_00000246c572fd00 .functor AND 1, L_00000246c580b820, L_00000246c580cae0, C4<1>, C4<1>;
L_00000246c57307f0 .functor AND 1, L_00000246c580cae0, L_00000246c580dc60, C4<1>, C4<1>;
L_00000246c57304e0 .functor OR 1, L_00000246c572fd00, L_00000246c57307f0, C4<0>, C4<0>;
L_00000246c5730550 .functor AND 1, L_00000246c580b820, L_00000246c580dc60, C4<1>, C4<1>;
L_00000246c5730780 .functor OR 1, L_00000246c57304e0, L_00000246c5730550, C4<0>, C4<0>;
v00000246c572e840_0 .net *"_ivl_0", 0 0, L_00000246c572fad0;  1 drivers
v00000246c572f060_0 .net *"_ivl_10", 0 0, L_00000246c5730550;  1 drivers
v00000246c572e8e0_0 .net *"_ivl_4", 0 0, L_00000246c572fd00;  1 drivers
v00000246c572e980_0 .net *"_ivl_6", 0 0, L_00000246c57307f0;  1 drivers
v00000246c572f1a0_0 .net *"_ivl_8", 0 0, L_00000246c57304e0;  1 drivers
v00000246c572f4c0_0 .net "a", 0 0, L_00000246c580b820;  1 drivers
v00000246c56f1340_0 .net "b", 0 0, L_00000246c580cae0;  1 drivers
v00000246c56f0080_0 .net "cin", 0 0, L_00000246c580dc60;  1 drivers
v00000246c56f1840_0 .net "cout", 0 0, L_00000246c5730780;  1 drivers
v00000246c56f1480_0 .net "sum", 0 0, L_00000246c5730400;  1 drivers
S_00000246c576eb90 .scope generate, "adder_loop[2]" "adder_loop[2]" 2 26, 2 26 0, S_00000246c56b6640;
 .timescale 0 0;
P_00000246c5732d60 .param/l "i" 0 2 26, +C4<010>;
S_00000246c576ed20 .scope generate, "genblk1" "genblk1" 2 27, 2 27 0, S_00000246c576eb90;
 .timescale 0 0;
S_00000246c57ec0e0 .scope module, "FA" "full_adder" 2 33, 2 2 0, S_00000246c576ed20;
 .timescale 0 0;
    .port_info 0 /INPUT 1 "a";
    .port_info 1 /INPUT 1 "b";
    .port_info 2 /INPUT 1 "cin";
    .port_info 3 /OUTPUT 1 "sum";
    .port_info 4 /OUTPUT 1 "cout";
L_00000246c5730860 .functor XOR 1, L_00000246c580cd60, L_00000246c580d800, C4<0>, C4<0>;
L_00000246c57308d0 .functor XOR 1, L_00000246c5730860, L_00000246c580ce00, C4<0>, C4<0>;
L_00000246c5811ca0 .functor AND 1, L_00000246c580cd60, L_00000246c580d800, C4<1>, C4<1>;
L_00000246c5812410 .functor AND 1, L_00000246c580d800, L_00000246c580ce00, C4<1>, C4<1>;
L_00000246c58116f0 .functor OR 1, L_00000246c5811ca0, L_00000246c5812410, C4<0>, C4<0>;
L_00000246c5811ed0 .functor AND 1, L_00000246c580cd60, L_00000246c580ce00, C4<1>, C4<1>;
L_00000246c5811920 .functor OR 1, L_00000246c58116f0, L_00000246c5811ed0, C4<0>, C4<0>;
v00000246c56f0940_0 .net *"_ivl_0", 0 0, L_00000246c5730860;  1 drivers
v00000246c56f0b20_0 .net *"_ivl_10", 0 0, L_00000246c5811ed0;  1 drivers
v00000246c56f0c60_0 .net *"_ivl_4", 0 0, L_00000246c5811ca0;  1 drivers
v00000246c56f1520_0 .net *"_ivl_6", 0 0, L_00000246c5812410;  1 drivers
v00000246c56f10c0_0 .net *"_ivl_8", 0 0, L_00000246c58116f0;  1 drivers
v00000246c56fb900_0 .net "a", 0 0, L_00000246c580cd60;  1 drivers
v00000246c56fbc20_0 .net "b", 0 0, L_00000246c580d800;  1 drivers
v00000246c56fbcc0_0 .net "cin", 0 0, L_00000246c580ce00;  1 drivers
v00000246c56fb540_0 .net "cout", 0 0, L_00000246c5811920;  1 drivers
v00000246c56fb0e0_0 .net "sum", 0 0, L_00000246c57308d0;  1 drivers
S_00000246c57ec270 .scope generate, "adder_loop[3]" "adder_loop[3]" 2 26, 2 26 0, S_00000246c56b6640;
 .timescale 0 0;
P_00000246c57336a0 .param/l "i" 0 2 26, +C4<011>;
S_00000246c57ec400 .scope generate, "genblk1" "genblk1" 2 27, 2 27 0, S_00000246c57ec270;
 .timescale 0 0;
S_00000246c57ec590 .scope module, "FA" "full_adder" 2 33, 2 2 0, S_00000246c57ec400;
 .timescale 0 0;
    .port_info 0 /INPUT 1 "a";
    .port_info 1 /INPUT 1 "b";
    .port_info 2 /INPUT 1 "cin";
    .port_info 3 /OUTPUT 1 "sum";
    .port_info 4 /OUTPUT 1 "cout";
L_00000246c5811760 .functor XOR 1, L_00000246c580b960, L_00000246c580da80, C4<0>, C4<0>;
L_00000246c58117d0 .functor XOR 1, L_00000246c5811760, L_00000246c580b8c0, C4<0>, C4<0>;
L_00000246c5811c30 .functor AND 1, L_00000246c580b960, L_00000246c580da80, C4<1>, C4<1>;
L_00000246c5811a00 .functor AND 1, L_00000246c580da80, L_00000246c580b8c0, C4<1>, C4<1>;
L_00000246c5811840 .functor OR 1, L_00000246c5811c30, L_00000246c5811a00, C4<0>, C4<0>;
L_00000246c5811fb0 .functor AND 1, L_00000246c580b960, L_00000246c580b8c0, C4<1>, C4<1>;
L_00000246c58125d0 .functor OR 1, L_00000246c5811840, L_00000246c5811fb0, C4<0>, C4<0>;
v00000246c56fadc0_0 .net *"_ivl_0", 0 0, L_00000246c5811760;  1 drivers
v00000246c56fc080_0 .net *"_ivl_10", 0 0, L_00000246c5811fb0;  1 drivers
v00000246c56fa6e0_0 .net *"_ivl_4", 0 0, L_00000246c5811c30;  1 drivers
v00000246c56fb2c0_0 .net *"_ivl_6", 0 0, L_00000246c5811a00;  1 drivers
v00000246c56e17e0_0 .net *"_ivl_8", 0 0, L_00000246c5811840;  1 drivers
v00000246c56e11a0_0 .net "a", 0 0, L_00000246c580b960;  1 drivers
v00000246c56e1d80_0 .net "b", 0 0, L_00000246c580da80;  1 drivers
v00000246c56e1ec0_0 .net "cin", 0 0, L_00000246c580b8c0;  1 drivers
v00000246c56e0840_0 .net "cout", 0 0, L_00000246c58125d0;  1 drivers
v00000246c56e0a20_0 .net "sum", 0 0, L_00000246c58117d0;  1 drivers
S_00000246c57ec720 .scope generate, "adder_loop[4]" "adder_loop[4]" 2 26, 2 26 0, S_00000246c56b6640;
 .timescale 0 0;
P_00000246c5732ae0 .param/l "i" 0 2 26, +C4<0100>;
S_00000246c57ec8b0 .scope generate, "genblk1" "genblk1" 2 27, 2 27 0, S_00000246c57ec720;
 .timescale 0 0;
S_00000246c57eca40 .scope module, "FA" "full_adder" 2 33, 2 2 0, S_00000246c57ec8b0;
 .timescale 0 0;
    .port_info 0 /INPUT 1 "a";
    .port_info 1 /INPUT 1 "b";
    .port_info 2 /INPUT 1 "cin";
    .port_info 3 /OUTPUT 1 "sum";
    .port_info 4 /OUTPUT 1 "cout";
L_00000246c5812480 .functor XOR 1, L_00000246c580d260, L_00000246c580d6c0, C4<0>, C4<0>;
L_00000246c5811d10 .functor XOR 1, L_00000246c5812480, L_00000246c580d580, C4<0>, C4<0>;
L_00000246c5811a70 .functor AND 1, L_00000246c580d260, L_00000246c580d6c0, C4<1>, C4<1>;
L_00000246c5811ae0 .functor AND 1, L_00000246c580d6c0, L_00000246c580d580, C4<1>, C4<1>;
L_00000246c5811b50 .functor OR 1, L_00000246c5811a70, L_00000246c5811ae0, C4<0>, C4<0>;
L_00000246c58123a0 .functor AND 1, L_00000246c580d260, L_00000246c580d580, C4<1>, C4<1>;
L_00000246c58124f0 .functor OR 1, L_00000246c5811b50, L_00000246c58123a0, C4<0>, C4<0>;
v00000246c56e2000_0 .net *"_ivl_0", 0 0, L_00000246c5812480;  1 drivers
v00000246c56e0340_0 .net *"_ivl_10", 0 0, L_00000246c58123a0;  1 drivers
v00000246c57056c0_0 .net *"_ivl_4", 0 0, L_00000246c5811a70;  1 drivers
v00000246c5705800_0 .net *"_ivl_6", 0 0, L_00000246c5811ae0;  1 drivers
v00000246c57063e0_0 .net *"_ivl_8", 0 0, L_00000246c5811b50;  1 drivers
v00000246c5706480_0 .net "a", 0 0, L_00000246c580d260;  1 drivers
v00000246c5706b60_0 .net "b", 0 0, L_00000246c580d6c0;  1 drivers
v00000246c5704cc0_0 .net "cin", 0 0, L_00000246c580d580;  1 drivers
v00000246c5704e00_0 .net "cout", 0 0, L_00000246c58124f0;  1 drivers
v00000246c5704ea0_0 .net "sum", 0 0, L_00000246c5811d10;  1 drivers
S_00000246c57ecc60 .scope generate, "adder_loop[5]" "adder_loop[5]" 2 26, 2 26 0, S_00000246c56b6640;
 .timescale 0 0;
P_00000246c5732b20 .param/l "i" 0 2 26, +C4<0101>;
S_00000246c57ecfd0 .scope generate, "genblk1" "genblk1" 2 27, 2 27 0, S_00000246c57ecc60;
 .timescale 0 0;
S_00000246c57ed610 .scope module, "FA" "full_adder" 2 33, 2 2 0, S_00000246c57ecfd0;
 .timescale 0 0;
    .port_info 0 /INPUT 1 "a";
    .port_info 1 /INPUT 1 "b";
    .port_info 2 /INPUT 1 "cin";
    .port_info 3 /OUTPUT 1 "sum";
    .port_info 4 /OUTPUT 1 "cout";
L_00000246c5811990 .functor XOR 1, L_00000246c580c5e0, L_00000246c580cfe0, C4<0>, C4<0>;
L_00000246c5811bc0 .functor XOR 1, L_00000246c5811990, L_00000246c580d8a0, C4<0>, C4<0>;
L_00000246c5811d80 .functor AND 1, L_00000246c580c5e0, L_00000246c580cfe0, C4<1>, C4<1>;
L_00000246c58118b0 .functor AND 1, L_00000246c580cfe0, L_00000246c580d8a0, C4<1>, C4<1>;
L_00000246c5811df0 .functor OR 1, L_00000246c5811d80, L_00000246c58118b0, C4<0>, C4<0>;
L_00000246c5812020 .functor AND 1, L_00000246c580c5e0, L_00000246c580d8a0, C4<1>, C4<1>;
L_00000246c5811e60 .functor OR 1, L_00000246c5811df0, L_00000246c5812020, C4<0>, C4<0>;
v00000246c5711040_0 .net *"_ivl_0", 0 0, L_00000246c5811990;  1 drivers
v00000246c57114a0_0 .net *"_ivl_10", 0 0, L_00000246c5812020;  1 drivers
v00000246c5712260_0 .net *"_ivl_4", 0 0, L_00000246c5811d80;  1 drivers
v00000246c57110e0_0 .net *"_ivl_6", 0 0, L_00000246c58118b0;  1 drivers
v00000246c57123a0_0 .net *"_ivl_8", 0 0, L_00000246c5811df0;  1 drivers
v00000246c5712b20_0 .net "a", 0 0, L_00000246c580c5e0;  1 drivers
v00000246c5711540_0 .net "b", 0 0, L_00000246c580cfe0;  1 drivers
v00000246c5711220_0 .net "cin", 0 0, L_00000246c580d8a0;  1 drivers
v00000246c571e5e0_0 .net "cout", 0 0, L_00000246c5811e60;  1 drivers
v00000246c571f760_0 .net "sum", 0 0, L_00000246c5811bc0;  1 drivers
S_00000246c57ed7a0 .scope generate, "adder_loop[6]" "adder_loop[6]" 2 26, 2 26 0, S_00000246c56b6640;
 .timescale 0 0;
P_00000246c5732fa0 .param/l "i" 0 2 26, +C4<0110>;
S_00000246c57ed2f0 .scope generate, "genblk1" "genblk1" 2 27, 2 27 0, S_00000246c57ed7a0;
 .timescale 0 0;
S_00000246c57ed930 .scope module, "FA" "full_adder" 2 33, 2 2 0, S_00000246c57ed2f0;
 .timescale 0 0;
    .port_info 0 /INPUT 1 "a";
    .port_info 1 /INPUT 1 "b";
    .port_info 2 /INPUT 1 "cin";
    .port_info 3 /OUTPUT 1 "sum";
    .port_info 4 /OUTPUT 1 "cout";
L_00000246c5811f40 .functor XOR 1, L_00000246c580cb80, L_00000246c580c9a0, C4<0>, C4<0>;
L_00000246c5812170 .functor XOR 1, L_00000246c5811f40, L_00000246c580d940, C4<0>, C4<0>;
L_00000246c5812560 .functor AND 1, L_00000246c580cb80, L_00000246c580c9a0, C4<1>, C4<1>;
L_00000246c5812090 .functor AND 1, L_00000246c580c9a0, L_00000246c580d940, C4<1>, C4<1>;
L_00000246c5812100 .functor OR 1, L_00000246c5812560, L_00000246c5812090, C4<0>, C4<0>;
L_00000246c58121e0 .functor AND 1, L_00000246c580cb80, L_00000246c580d940, C4<1>, C4<1>;
L_00000246c5812250 .functor OR 1, L_00000246c5812100, L_00000246c58121e0, C4<0>, C4<0>;
v00000246c571e720_0 .net *"_ivl_0", 0 0, L_00000246c5811f40;  1 drivers
v00000246c571ee00_0 .net *"_ivl_10", 0 0, L_00000246c58121e0;  1 drivers
v00000246c571e180_0 .net *"_ivl_4", 0 0, L_00000246c5812560;  1 drivers
v00000246c571fd00_0 .net *"_ivl_6", 0 0, L_00000246c5812090;  1 drivers
v00000246c571e2c0_0 .net *"_ivl_8", 0 0, L_00000246c5812100;  1 drivers
v00000246c571eb80_0 .net "a", 0 0, L_00000246c580cb80;  1 drivers
v00000246c56db400_0 .net "b", 0 0, L_00000246c580c9a0;  1 drivers
v00000246c56da8c0_0 .net "cin", 0 0, L_00000246c580d940;  1 drivers
v00000246c56da780_0 .net "cout", 0 0, L_00000246c5812250;  1 drivers
v00000246c56daaa0_0 .net "sum", 0 0, L_00000246c5812170;  1 drivers
S_00000246c57edac0 .scope generate, "adder_loop[7]" "adder_loop[7]" 2 26, 2 26 0, S_00000246c56b6640;
 .timescale 0 0;
P_00000246c57336e0 .param/l "i" 0 2 26, +C4<0111>;
S_00000246c57edc50 .scope generate, "genblk1" "genblk1" 2 27, 2 27 0, S_00000246c57edac0;
 .timescale 0 0;
S_00000246c57ed480 .scope module, "FA" "full_adder" 2 33, 2 2 0, S_00000246c57edc50;
 .timescale 0 0;
    .port_info 0 /INPUT 1 "a";
    .port_info 1 /INPUT 1 "b";
    .port_info 2 /INPUT 1 "cin";
    .port_info 3 /OUTPUT 1 "sum";
    .port_info 4 /OUTPUT 1 "cout";
L_00000246c58122c0 .functor XOR 1, L_00000246c580c540, L_00000246c580c400, C4<0>, C4<0>;
L_00000246c5812330 .functor XOR 1, L_00000246c58122c0, L_00000246c580cc20, C4<0>, C4<0>;
L_00000246c5812ac0 .functor AND 1, L_00000246c580c540, L_00000246c580c400, C4<1>, C4<1>;
L_00000246c5812c80 .functor AND 1, L_00000246c580c400, L_00000246c580cc20, C4<1>, C4<1>;
L_00000246c5813620 .functor OR 1, L_00000246c5812ac0, L_00000246c5812c80, C4<0>, C4<0>;
L_00000246c5812eb0 .functor AND 1, L_00000246c580c540, L_00000246c580cc20, C4<1>, C4<1>;
L_00000246c5812970 .functor OR 1, L_00000246c5813620, L_00000246c5812eb0, C4<0>, C4<0>;
v00000246c57ee970_0 .net *"_ivl_0", 0 0, L_00000246c58122c0;  1 drivers
v00000246c57eed30_0 .net *"_ivl_10", 0 0, L_00000246c5812eb0;  1 drivers
v00000246c57eefb0_0 .net *"_ivl_4", 0 0, L_00000246c5812ac0;  1 drivers
v00000246c57eeb50_0 .net *"_ivl_6", 0 0, L_00000246c5812c80;  1 drivers
v00000246c57ee150_0 .net *"_ivl_8", 0 0, L_00000246c5813620;  1 drivers
v00000246c57efe10_0 .net "a", 0 0, L_00000246c580c540;  1 drivers
v00000246c57efaf0_0 .net "b", 0 0, L_00000246c580c400;  1 drivers
v00000246c57ef050_0 .net "cin", 0 0, L_00000246c580cc20;  1 drivers
v00000246c57eebf0_0 .net "cout", 0 0, L_00000246c5812970;  1 drivers
v00000246c57edf70_0 .net "sum", 0 0, L_00000246c5812330;  1 drivers
S_00000246c57ed160 .scope generate, "adder_loop[8]" "adder_loop[8]" 2 26, 2 26 0, S_00000246c56b6640;
 .timescale 0 0;
P_00000246c5732da0 .param/l "i" 0 2 26, +C4<01000>;
S_00000246c57ece40 .scope generate, "genblk1" "genblk1" 2 27, 2 27 0, S_00000246c57ed160;
 .timescale 0 0;
S_00000246c57f0a00 .scope module, "FA" "full_adder" 2 33, 2 2 0, S_00000246c57ece40;
 .timescale 0 0;
    .port_info 0 /INPUT 1 "a";
    .port_info 1 /INPUT 1 "b";
    .port_info 2 /INPUT 1 "cin";
    .port_info 3 /OUTPUT 1 "sum";
    .port_info 4 /OUTPUT 1 "cout";
L_00000246c5813070 .functor XOR 1, L_00000246c580cea0, L_00000246c580c680, C4<0>, C4<0>;
L_00000246c5812cf0 .functor XOR 1, L_00000246c5813070, L_00000246c580b6e0, C4<0>, C4<0>;
L_00000246c5813380 .functor AND 1, L_00000246c580cea0, L_00000246c580c680, C4<1>, C4<1>;
L_00000246c5812d60 .functor AND 1, L_00000246c580c680, L_00000246c580b6e0, C4<1>, C4<1>;
L_00000246c5812e40 .functor OR 1, L_00000246c5813380, L_00000246c5812d60, C4<0>, C4<0>;
L_00000246c5812890 .functor AND 1, L_00000246c580cea0, L_00000246c580b6e0, C4<1>, C4<1>;
L_00000246c58129e0 .functor OR 1, L_00000246c5812e40, L_00000246c5812890, C4<0>, C4<0>;
v00000246c57ef730_0 .net *"_ivl_0", 0 0, L_00000246c5813070;  1 drivers
v00000246c57eeab0_0 .net *"_ivl_10", 0 0, L_00000246c5812890;  1 drivers
v00000246c57ef550_0 .net *"_ivl_4", 0 0, L_00000246c5813380;  1 drivers
v00000246c57efa50_0 .net *"_ivl_6", 0 0, L_00000246c5812d60;  1 drivers
v00000246c57eec90_0 .net *"_ivl_8", 0 0, L_00000246c5812e40;  1 drivers
v00000246c57ef370_0 .net "a", 0 0, L_00000246c580cea0;  1 drivers
v00000246c57ef0f0_0 .net "b", 0 0, L_00000246c580c680;  1 drivers
v00000246c57ef7d0_0 .net "cin", 0 0, L_00000246c580b6e0;  1 drivers
v00000246c57ee010_0 .net "cout", 0 0, L_00000246c58129e0;  1 drivers
v00000246c57ee0b0_0 .net "sum", 0 0, L_00000246c5812cf0;  1 drivers
S_00000246c57f1040 .scope generate, "adder_loop[9]" "adder_loop[9]" 2 26, 2 26 0, S_00000246c56b6640;
 .timescale 0 0;
P_00000246c5732a60 .param/l "i" 0 2 26, +C4<01001>;
S_00000246c57f0eb0 .scope generate, "genblk1" "genblk1" 2 27, 2 27 0, S_00000246c57f1040;
 .timescale 0 0;
S_00000246c57f1810 .scope module, "FA" "full_adder" 2 33, 2 2 0, S_00000246c57f0eb0;
 .timescale 0 0;
    .port_info 0 /INPUT 1 "a";
    .port_info 1 /INPUT 1 "b";
    .port_info 2 /INPUT 1 "cin";
    .port_info 3 /OUTPUT 1 "sum";
    .port_info 4 /OUTPUT 1 "cout";
L_00000246c5812dd0 .functor XOR 1, L_00000246c580c720, L_00000246c580bd20, C4<0>, C4<0>;
L_00000246c5812a50 .functor XOR 1, L_00000246c5812dd0, L_00000246c580c2c0, C4<0>, C4<0>;
L_00000246c5812f20 .functor AND 1, L_00000246c580c720, L_00000246c580bd20, C4<1>, C4<1>;
L_00000246c5813000 .functor AND 1, L_00000246c580bd20, L_00000246c580c2c0, C4<1>, C4<1>;
L_00000246c5812ba0 .functor OR 1, L_00000246c5812f20, L_00000246c5813000, C4<0>, C4<0>;
L_00000246c5812f90 .functor AND 1, L_00000246c580c720, L_00000246c580c2c0, C4<1>, C4<1>;
L_00000246c5812b30 .functor OR 1, L_00000246c5812ba0, L_00000246c5812f90, C4<0>, C4<0>;
v00000246c57ef690_0 .net *"_ivl_0", 0 0, L_00000246c5812dd0;  1 drivers
v00000246c57ef2d0_0 .net *"_ivl_10", 0 0, L_00000246c5812f90;  1 drivers
v00000246c57ef410_0 .net *"_ivl_4", 0 0, L_00000246c5812f20;  1 drivers
v00000246c57ef910_0 .net *"_ivl_6", 0 0, L_00000246c5813000;  1 drivers
v00000246c57ef9b0_0 .net *"_ivl_8", 0 0, L_00000246c5812ba0;  1 drivers
v00000246c57efb90_0 .net "a", 0 0, L_00000246c580c720;  1 drivers
v00000246c57eea10_0 .net "b", 0 0, L_00000246c580bd20;  1 drivers
v00000246c57ee8d0_0 .net "cin", 0 0, L_00000246c580c2c0;  1 drivers
v00000246c57eef10_0 .net "cout", 0 0, L_00000246c5812b30;  1 drivers
v00000246c57eedd0_0 .net "sum", 0 0, L_00000246c5812a50;  1 drivers
S_00000246c57f1e50 .scope generate, "adder_loop[10]" "adder_loop[10]" 2 26, 2 26 0, S_00000246c56b6640;
 .timescale 0 0;
P_00000246c5733720 .param/l "i" 0 2 26, +C4<01010>;
S_00000246c57f03c0 .scope generate, "genblk1" "genblk1" 2 27, 2 27 0, S_00000246c57f1e50;
 .timescale 0 0;
S_00000246c57f11d0 .scope module, "FA" "full_adder" 2 33, 2 2 0, S_00000246c57f03c0;
 .timescale 0 0;
    .port_info 0 /INPUT 1 "a";
    .port_info 1 /INPUT 1 "b";
    .port_info 2 /INPUT 1 "cin";
    .port_info 3 /OUTPUT 1 "sum";
    .port_info 4 /OUTPUT 1 "cout";
L_00000246c58133f0 .functor XOR 1, L_00000246c580c360, L_00000246c580baa0, C4<0>, C4<0>;
L_00000246c58130e0 .functor XOR 1, L_00000246c58133f0, L_00000246c580dda0, C4<0>, C4<0>;
L_00000246c58127b0 .functor AND 1, L_00000246c580c360, L_00000246c580baa0, C4<1>, C4<1>;
L_00000246c5813150 .functor AND 1, L_00000246c580baa0, L_00000246c580dda0, C4<1>, C4<1>;
L_00000246c5812c10 .functor OR 1, L_00000246c58127b0, L_00000246c5813150, C4<0>, C4<0>;
L_00000246c5812900 .functor AND 1, L_00000246c580c360, L_00000246c580dda0, C4<1>, C4<1>;
L_00000246c58135b0 .functor OR 1, L_00000246c5812c10, L_00000246c5812900, C4<0>, C4<0>;
v00000246c57ef870_0 .net *"_ivl_0", 0 0, L_00000246c58133f0;  1 drivers
v00000246c57eee70_0 .net *"_ivl_10", 0 0, L_00000246c5812900;  1 drivers
v00000246c57ef4b0_0 .net *"_ivl_4", 0 0, L_00000246c58127b0;  1 drivers
v00000246c57ee1f0_0 .net *"_ivl_6", 0 0, L_00000246c5813150;  1 drivers
v00000246c57ef190_0 .net *"_ivl_8", 0 0, L_00000246c5812c10;  1 drivers
v00000246c57ef230_0 .net "a", 0 0, L_00000246c580c360;  1 drivers
v00000246c57ee290_0 .net "b", 0 0, L_00000246c580baa0;  1 drivers
v00000246c57ef5f0_0 .net "cin", 0 0, L_00000246c580dda0;  1 drivers
v00000246c57ee650_0 .net "cout", 0 0, L_00000246c58135b0;  1 drivers
v00000246c57ee6f0_0 .net "sum", 0 0, L_00000246c58130e0;  1 drivers
S_00000246c57f1360 .scope generate, "adder_loop[11]" "adder_loop[11]" 2 26, 2 26 0, S_00000246c56b6640;
 .timescale 0 0;
P_00000246c5732ea0 .param/l "i" 0 2 26, +C4<01011>;
S_00000246c57f0b90 .scope generate, "genblk1" "genblk1" 2 27, 2 27 0, S_00000246c57f1360;
 .timescale 0 0;
S_00000246c57f0550 .scope module, "FA" "full_adder" 2 33, 2 2 0, S_00000246c57f0b90;
 .timescale 0 0;
    .port_info 0 /INPUT 1 "a";
    .port_info 1 /INPUT 1 "b";
    .port_info 2 /INPUT 1 "cin";
    .port_info 3 /OUTPUT 1 "sum";
    .port_info 4 /OUTPUT 1 "cout";
L_00000246c5813460 .functor XOR 1, L_00000246c580c7c0, L_00000246c580d1c0, C4<0>, C4<0>;
L_00000246c58131c0 .functor XOR 1, L_00000246c5813460, L_00000246c580d300, C4<0>, C4<0>;
L_00000246c5813230 .functor AND 1, L_00000246c580c7c0, L_00000246c580d1c0, C4<1>, C4<1>;
L_00000246c5813690 .functor AND 1, L_00000246c580d1c0, L_00000246c580d300, C4<1>, C4<1>;
L_00000246c58134d0 .functor OR 1, L_00000246c5813230, L_00000246c5813690, C4<0>, C4<0>;
L_00000246c58132a0 .functor AND 1, L_00000246c580c7c0, L_00000246c580d300, C4<1>, C4<1>;
L_00000246c5813540 .functor OR 1, L_00000246c58134d0, L_00000246c58132a0, C4<0>, C4<0>;
v00000246c57efc30_0 .net *"_ivl_0", 0 0, L_00000246c5813460;  1 drivers
v00000246c57efcd0_0 .net *"_ivl_10", 0 0, L_00000246c58132a0;  1 drivers
v00000246c57efd70_0 .net *"_ivl_4", 0 0, L_00000246c5813230;  1 drivers
v00000246c57ee330_0 .net *"_ivl_6", 0 0, L_00000246c5813690;  1 drivers
v00000246c57ee3d0_0 .net *"_ivl_8", 0 0, L_00000246c58134d0;  1 drivers
v00000246c57ee470_0 .net "a", 0 0, L_00000246c580c7c0;  1 drivers
v00000246c57ee510_0 .net "b", 0 0, L_00000246c580d1c0;  1 drivers
v00000246c57ee5b0_0 .net "cin", 0 0, L_00000246c580d300;  1 drivers
v00000246c57ee790_0 .net "cout", 0 0, L_00000246c5813540;  1 drivers
v00000246c57ee830_0 .net "sum", 0 0, L_00000246c58131c0;  1 drivers
S_00000246c57f19a0 .scope generate, "adder_loop[12]" "adder_loop[12]" 2 26, 2 26 0, S_00000246c56b6640;
 .timescale 0 0;
P_00000246c5733760 .param/l "i" 0 2 26, +C4<01100>;
S_00000246c57f1b30 .scope generate, "genblk1" "genblk1" 2 27, 2 27 0, S_00000246c57f19a0;
 .timescale 0 0;
S_00000246c57f1680 .scope module, "FA" "full_adder" 2 33, 2 2 0, S_00000246c57f1b30;
 .timescale 0 0;
    .port_info 0 /INPUT 1 "a";
    .port_info 1 /INPUT 1 "b";
    .port_info 2 /INPUT 1 "cin";
    .port_info 3 /OUTPUT 1 "sum";
    .port_info 4 /OUTPUT 1 "cout";
L_00000246c5813310 .functor XOR 1, L_00000246c580c860, L_00000246c580dd00, C4<0>, C4<0>;
L_00000246c5812820 .functor XOR 1, L_00000246c5813310, L_00000246c580de40, C4<0>, C4<0>;
L_00000246c5819560 .functor AND 1, L_00000246c580c860, L_00000246c580dd00, C4<1>, C4<1>;
L_00000246c5818760 .functor AND 1, L_00000246c580dd00, L_00000246c580de40, C4<1>, C4<1>;
L_00000246c5818b50 .functor OR 1, L_00000246c5819560, L_00000246c5818760, C4<0>, C4<0>;
L_00000246c5818290 .functor AND 1, L_00000246c580c860, L_00000246c580de40, C4<1>, C4<1>;
L_00000246c5819090 .functor OR 1, L_00000246c5818b50, L_00000246c5818290, C4<0>, C4<0>;
v00000246c57f4780_0 .net *"_ivl_0", 0 0, L_00000246c5813310;  1 drivers
v00000246c57f45a0_0 .net *"_ivl_10", 0 0, L_00000246c5818290;  1 drivers
v00000246c57f3c40_0 .net *"_ivl_4", 0 0, L_00000246c5819560;  1 drivers
v00000246c57f4be0_0 .net *"_ivl_6", 0 0, L_00000246c5818760;  1 drivers
v00000246c57f4320_0 .net *"_ivl_8", 0 0, L_00000246c5818b50;  1 drivers
v00000246c57f3600_0 .net "a", 0 0, L_00000246c580c860;  1 drivers
v00000246c57f3ce0_0 .net "b", 0 0, L_00000246c580dd00;  1 drivers
v00000246c57f5360_0 .net "cin", 0 0, L_00000246c580de40;  1 drivers
v00000246c57f5040_0 .net "cout", 0 0, L_00000246c5819090;  1 drivers
v00000246c57f3880_0 .net "sum", 0 0, L_00000246c5812820;  1 drivers
S_00000246c57f0870 .scope generate, "adder_loop[13]" "adder_loop[13]" 2 26, 2 26 0, S_00000246c56b6640;
 .timescale 0 0;
P_00000246c5733260 .param/l "i" 0 2 26, +C4<01101>;
S_00000246c57f06e0 .scope generate, "genblk1" "genblk1" 2 27, 2 27 0, S_00000246c57f0870;
 .timescale 0 0;
S_00000246c57f14f0 .scope module, "FA" "full_adder" 2 33, 2 2 0, S_00000246c57f06e0;
 .timescale 0 0;
    .port_info 0 /INPUT 1 "a";
    .port_info 1 /INPUT 1 "b";
    .port_info 2 /INPUT 1 "cin";
    .port_info 3 /OUTPUT 1 "sum";
    .port_info 4 /OUTPUT 1 "cout";
L_00000246c5818610 .functor XOR 1, L_00000246c580db20, L_00000246c580d3a0, C4<0>, C4<0>;
L_00000246c58183e0 .functor XOR 1, L_00000246c5818610, L_00000246c580d9e0, C4<0>, C4<0>;
L_00000246c5819250 .functor AND 1, L_00000246c580db20, L_00000246c580d3a0, C4<1>, C4<1>;
L_00000246c5819100 .functor AND 1, L_00000246c580d3a0, L_00000246c580d9e0, C4<1>, C4<1>;
L_00000246c5818450 .functor OR 1, L_00000246c5819250, L_00000246c5819100, C4<0>, C4<0>;
L_00000246c5818a00 .functor AND 1, L_00000246c580db20, L_00000246c580d9e0, C4<1>, C4<1>;
L_00000246c5818ca0 .functor OR 1, L_00000246c5818450, L_00000246c5818a00, C4<0>, C4<0>;
v00000246c57f55e0_0 .net *"_ivl_0", 0 0, L_00000246c5818610;  1 drivers
v00000246c57f5180_0 .net *"_ivl_10", 0 0, L_00000246c5818a00;  1 drivers
v00000246c57f59a0_0 .net *"_ivl_4", 0 0, L_00000246c5819250;  1 drivers
v00000246c57f4960_0 .net *"_ivl_6", 0 0, L_00000246c5819100;  1 drivers
v00000246c57f46e0_0 .net *"_ivl_8", 0 0, L_00000246c5818450;  1 drivers
v00000246c57f4aa0_0 .net "a", 0 0, L_00000246c580db20;  1 drivers
v00000246c57f50e0_0 .net "b", 0 0, L_00000246c580d3a0;  1 drivers
v00000246c57f4500_0 .net "cin", 0 0, L_00000246c580d9e0;  1 drivers
v00000246c57f5900_0 .net "cout", 0 0, L_00000246c5818ca0;  1 drivers
v00000246c57f3ba0_0 .net "sum", 0 0, L_00000246c58183e0;  1 drivers
S_00000246c57f0d20 .scope generate, "adder_loop[14]" "adder_loop[14]" 2 26, 2 26 0, S_00000246c56b6640;
 .timescale 0 0;
P_00000246c5732d20 .param/l "i" 0 2 26, +C4<01110>;
S_00000246c57f1cc0 .scope generate, "genblk1" "genblk1" 2 27, 2 27 0, S_00000246c57f0d20;
 .timescale 0 0;
S_00000246c57f00a0 .scope module, "FA" "full_adder" 2 33, 2 2 0, S_00000246c57f1cc0;
 .timescale 0 0;
    .port_info 0 /INPUT 1 "a";
    .port_info 1 /INPUT 1 "b";
    .port_info 2 /INPUT 1 "cin";
    .port_info 3 /OUTPUT 1 "sum";
    .port_info 4 /OUTPUT 1 "cout";
L_00000246c5819020 .functor XOR 1, L_00000246c580cf40, L_00000246c580c0e0, C4<0>, C4<0>;
L_00000246c5819480 .functor XOR 1, L_00000246c5819020, L_00000246c580bf00, C4<0>, C4<0>;
L_00000246c58180d0 .functor AND 1, L_00000246c580cf40, L_00000246c580c0e0, C4<1>, C4<1>;
L_00000246c5819640 .functor AND 1, L_00000246c580c0e0, L_00000246c580bf00, C4<1>, C4<1>;
L_00000246c5819410 .functor OR 1, L_00000246c58180d0, L_00000246c5819640, C4<0>, C4<0>;
L_00000246c5818370 .functor AND 1, L_00000246c580cf40, L_00000246c580bf00, C4<1>, C4<1>;
L_00000246c5818a70 .functor OR 1, L_00000246c5819410, L_00000246c5818370, C4<0>, C4<0>;
v00000246c57f4a00_0 .net *"_ivl_0", 0 0, L_00000246c5819020;  1 drivers
v00000246c57f4820_0 .net *"_ivl_10", 0 0, L_00000246c5818370;  1 drivers
v00000246c57f3740_0 .net *"_ivl_4", 0 0, L_00000246c58180d0;  1 drivers
v00000246c57f37e0_0 .net *"_ivl_6", 0 0, L_00000246c5819640;  1 drivers
v00000246c57f5220_0 .net *"_ivl_8", 0 0, L_00000246c5819410;  1 drivers
v00000246c57f4fa0_0 .net "a", 0 0, L_00000246c580cf40;  1 drivers
v00000246c57f43c0_0 .net "b", 0 0, L_00000246c580c0e0;  1 drivers
v00000246c57f3920_0 .net "cin", 0 0, L_00000246c580bf00;  1 drivers
v00000246c57f5680_0 .net "cout", 0 0, L_00000246c5818a70;  1 drivers
v00000246c57f4640_0 .net "sum", 0 0, L_00000246c5819480;  1 drivers
S_00000246c57f0230 .scope generate, "adder_loop[15]" "adder_loop[15]" 2 26, 2 26 0, S_00000246c56b6640;
 .timescale 0 0;
P_00000246c57332a0 .param/l "i" 0 2 26, +C4<01111>;
S_00000246c57f8820 .scope generate, "genblk1" "genblk1" 2 27, 2 27 0, S_00000246c57f0230;
 .timescale 0 0;
S_00000246c57f8e60 .scope module, "FA" "full_adder" 2 33, 2 2 0, S_00000246c57f8820;
 .timescale 0 0;
    .port_info 0 /INPUT 1 "a";
    .port_info 1 /INPUT 1 "b";
    .port_info 2 /INPUT 1 "cin";
    .port_info 3 /OUTPUT 1 "sum";
    .port_info 4 /OUTPUT 1 "cout";
L_00000246c58184c0 .functor XOR 1, L_00000246c580ba00, L_00000246c580b780, C4<0>, C4<0>;
L_00000246c5818220 .functor XOR 1, L_00000246c58184c0, L_00000246c580bb40, C4<0>, C4<0>;
L_00000246c5818680 .functor AND 1, L_00000246c580ba00, L_00000246c580b780, C4<1>, C4<1>;
L_00000246c58181b0 .functor AND 1, L_00000246c580b780, L_00000246c580bb40, C4<1>, C4<1>;
L_00000246c5817f10 .functor OR 1, L_00000246c5818680, L_00000246c58181b0, C4<0>, C4<0>;
L_00000246c5818d80 .functor AND 1, L_00000246c580ba00, L_00000246c580bb40, C4<1>, C4<1>;
L_00000246c5818140 .functor OR 1, L_00000246c5817f10, L_00000246c5818d80, C4<0>, C4<0>;
v00000246c57f48c0_0 .net *"_ivl_0", 0 0, L_00000246c58184c0;  1 drivers
v00000246c57f39c0_0 .net *"_ivl_10", 0 0, L_00000246c5818d80;  1 drivers
v00000246c57f5a40_0 .net *"_ivl_4", 0 0, L_00000246c5818680;  1 drivers
v00000246c57f3e20_0 .net *"_ivl_6", 0 0, L_00000246c58181b0;  1 drivers
v00000246c57f40a0_0 .net *"_ivl_8", 0 0, L_00000246c5817f10;  1 drivers
v00000246c57f4b40_0 .net "a", 0 0, L_00000246c580ba00;  1 drivers
v00000246c57f5400_0 .net "b", 0 0, L_00000246c580b780;  1 drivers
v00000246c57f5cc0_0 .net "cin", 0 0, L_00000246c580bb40;  1 drivers
v00000246c57f5c20_0 .net "cout", 0 0, L_00000246c5818140;  1 drivers
v00000246c57f4c80_0 .net "sum", 0 0, L_00000246c5818220;  1 drivers
S_00000246c57f9310 .scope generate, "adder_loop[16]" "adder_loop[16]" 2 26, 2 26 0, S_00000246c56b6640;
 .timescale 0 0;
P_00000246c5732fe0 .param/l "i" 0 2 26, +C4<010000>;
S_00000246c57f8cd0 .scope generate, "genblk1" "genblk1" 2 27, 2 27 0, S_00000246c57f9310;
 .timescale 0 0;
S_00000246c57f89b0 .scope module, "FA" "full_adder" 2 33, 2 2 0, S_00000246c57f8cd0;
 .timescale 0 0;
    .port_info 0 /INPUT 1 "a";
    .port_info 1 /INPUT 1 "b";
    .port_info 2 /INPUT 1 "cin";
    .port_info 3 /OUTPUT 1 "sum";
    .port_info 4 /OUTPUT 1 "cout";
L_00000246c58186f0 .functor XOR 1, L_00000246c580d440, L_00000246c580bbe0, C4<0>, C4<0>;
L_00000246c5818060 .functor XOR 1, L_00000246c58186f0, L_00000246c580bc80, C4<0>, C4<0>;
L_00000246c5819330 .functor AND 1, L_00000246c580d440, L_00000246c580bbe0, C4<1>, C4<1>;
L_00000246c5818920 .functor AND 1, L_00000246c580bbe0, L_00000246c580bc80, C4<1>, C4<1>;
L_00000246c58195d0 .functor OR 1, L_00000246c5819330, L_00000246c5818920, C4<0>, C4<0>;
L_00000246c58187d0 .functor AND 1, L_00000246c580d440, L_00000246c580bc80, C4<1>, C4<1>;
L_00000246c58192c0 .functor OR 1, L_00000246c58195d0, L_00000246c58187d0, C4<0>, C4<0>;
v00000246c57f4d20_0 .net *"_ivl_0", 0 0, L_00000246c58186f0;  1 drivers
v00000246c57f4460_0 .net *"_ivl_10", 0 0, L_00000246c58187d0;  1 drivers
v00000246c57f5ae0_0 .net *"_ivl_4", 0 0, L_00000246c5819330;  1 drivers
v00000246c57f3a60_0 .net *"_ivl_6", 0 0, L_00000246c5818920;  1 drivers
v00000246c57f3b00_0 .net *"_ivl_8", 0 0, L_00000246c58195d0;  1 drivers
v00000246c57f3d80_0 .net "a", 0 0, L_00000246c580d440;  1 drivers
v00000246c57f52c0_0 .net "b", 0 0, L_00000246c580bbe0;  1 drivers
v00000246c57f4dc0_0 .net "cin", 0 0, L_00000246c580bc80;  1 drivers
v00000246c57f57c0_0 .net "cout", 0 0, L_00000246c58192c0;  1 drivers
v00000246c57f4e60_0 .net "sum", 0 0, L_00000246c5818060;  1 drivers
S_00000246c57f8ff0 .scope generate, "adder_loop[17]" "adder_loop[17]" 2 26, 2 26 0, S_00000246c56b6640;
 .timescale 0 0;
P_00000246c5732c60 .param/l "i" 0 2 26, +C4<010001>;
S_00000246c57f9180 .scope generate, "genblk1" "genblk1" 2 27, 2 27 0, S_00000246c57f8ff0;
 .timescale 0 0;
S_00000246c57f7880 .scope module, "FA" "full_adder" 2 33, 2 2 0, S_00000246c57f9180;
 .timescale 0 0;
    .port_info 0 /INPUT 1 "a";
    .port_info 1 /INPUT 1 "b";
    .port_info 2 /INPUT 1 "cin";
    .port_info 3 /OUTPUT 1 "sum";
    .port_info 4 /OUTPUT 1 "cout";
L_00000246c58196b0 .functor XOR 1, L_00000246c580c900, L_00000246c580d120, C4<0>, C4<0>;
L_00000246c5819170 .functor XOR 1, L_00000246c58196b0, L_00000246c580ca40, C4<0>, C4<0>;
L_00000246c5817dc0 .functor AND 1, L_00000246c580c900, L_00000246c580d120, C4<1>, C4<1>;
L_00000246c5819790 .functor AND 1, L_00000246c580d120, L_00000246c580ca40, C4<1>, C4<1>;
L_00000246c5819720 .functor OR 1, L_00000246c5817dc0, L_00000246c5819790, C4<0>, C4<0>;
L_00000246c5818840 .functor AND 1, L_00000246c580c900, L_00000246c580ca40, C4<1>, C4<1>;
L_00000246c58193a0 .functor OR 1, L_00000246c5819720, L_00000246c5818840, C4<0>, C4<0>;
v00000246c57f4f00_0 .net *"_ivl_0", 0 0, L_00000246c58196b0;  1 drivers
v00000246c57f3560_0 .net *"_ivl_10", 0 0, L_00000246c5818840;  1 drivers
v00000246c57f54a0_0 .net *"_ivl_4", 0 0, L_00000246c5817dc0;  1 drivers
v00000246c57f5540_0 .net *"_ivl_6", 0 0, L_00000246c5819790;  1 drivers
v00000246c57f5720_0 .net *"_ivl_8", 0 0, L_00000246c5819720;  1 drivers
v00000246c57f4000_0 .net "a", 0 0, L_00000246c580c900;  1 drivers
v00000246c57f36a0_0 .net "b", 0 0, L_00000246c580d120;  1 drivers
v00000246c57f5b80_0 .net "cin", 0 0, L_00000246c580ca40;  1 drivers
v00000246c57f5860_0 .net "cout", 0 0, L_00000246c58193a0;  1 drivers
v00000246c57f3ec0_0 .net "sum", 0 0, L_00000246c5819170;  1 drivers
S_00000246c57f7560 .scope generate, "adder_loop[18]" "adder_loop[18]" 2 26, 2 26 0, S_00000246c56b6640;
 .timescale 0 0;
P_00000246c5732ee0 .param/l "i" 0 2 26, +C4<010010>;
S_00000246c57f7a10 .scope generate, "genblk1" "genblk1" 2 27, 2 27 0, S_00000246c57f7560;
 .timescale 0 0;
S_00000246c57f7ba0 .scope module, "FA" "full_adder" 2 33, 2 2 0, S_00000246c57f7a10;
 .timescale 0 0;
    .port_info 0 /INPUT 1 "a";
    .port_info 1 /INPUT 1 "b";
    .port_info 2 /INPUT 1 "cin";
    .port_info 3 /OUTPUT 1 "sum";
    .port_info 4 /OUTPUT 1 "cout";
L_00000246c5818df0 .functor XOR 1, L_00000246c580bdc0, L_00000246c580be60, C4<0>, C4<0>;
L_00000246c5819800 .functor XOR 1, L_00000246c5818df0, L_00000246c580c040, C4<0>, C4<0>;
L_00000246c5818300 .functor AND 1, L_00000246c580bdc0, L_00000246c580be60, C4<1>, C4<1>;
L_00000246c5818bc0 .functor AND 1, L_00000246c580be60, L_00000246c580c040, C4<1>, C4<1>;
L_00000246c5817f80 .functor OR 1, L_00000246c5818300, L_00000246c5818bc0, C4<0>, C4<0>;
L_00000246c5819870 .functor AND 1, L_00000246c580bdc0, L_00000246c580c040, C4<1>, C4<1>;
L_00000246c5818530 .functor OR 1, L_00000246c5817f80, L_00000246c5819870, C4<0>, C4<0>;
v00000246c57f3f60_0 .net *"_ivl_0", 0 0, L_00000246c5818df0;  1 drivers
v00000246c57f4140_0 .net *"_ivl_10", 0 0, L_00000246c5819870;  1 drivers
v00000246c57f41e0_0 .net *"_ivl_4", 0 0, L_00000246c5818300;  1 drivers
v00000246c57f4280_0 .net *"_ivl_6", 0 0, L_00000246c5818bc0;  1 drivers
v00000246c57f5f40_0 .net *"_ivl_8", 0 0, L_00000246c5817f80;  1 drivers
v00000246c57f6580_0 .net "a", 0 0, L_00000246c580bdc0;  1 drivers
v00000246c57f5fe0_0 .net "b", 0 0, L_00000246c580be60;  1 drivers
v00000246c57f6300_0 .net "cin", 0 0, L_00000246c580c040;  1 drivers
v00000246c57f72a0_0 .net "cout", 0 0, L_00000246c5818530;  1 drivers
v00000246c57f6bc0_0 .net "sum", 0 0, L_00000246c5819800;  1 drivers
S_00000246c57f76f0 .scope generate, "adder_loop[19]" "adder_loop[19]" 2 26, 2 26 0, S_00000246c56b6640;
 .timescale 0 0;
P_00000246c5732b60 .param/l "i" 0 2 26, +C4<010011>;
S_00000246c57f8b40 .scope generate, "genblk1" "genblk1" 2 27, 2 27 0, S_00000246c57f76f0;
 .timescale 0 0;
S_00000246c57f8370 .scope module, "FA" "full_adder" 2 33, 2 2 0, S_00000246c57f8b40;
 .timescale 0 0;
    .port_info 0 /INPUT 1 "a";
    .port_info 1 /INPUT 1 "b";
    .port_info 2 /INPUT 1 "cin";
    .port_info 3 /OUTPUT 1 "sum";
    .port_info 4 /OUTPUT 1 "cout";
L_00000246c58188b0 .functor XOR 1, L_00000246c580d080, L_00000246c580c180, C4<0>, C4<0>;
L_00000246c58185a0 .functor XOR 1, L_00000246c58188b0, L_00000246c580c220, C4<0>, C4<0>;
L_00000246c58194f0 .functor AND 1, L_00000246c580d080, L_00000246c580c180, C4<1>, C4<1>;
L_00000246c58198e0 .functor AND 1, L_00000246c580c180, L_00000246c580c220, C4<1>, C4<1>;
L_00000246c5818ae0 .functor OR 1, L_00000246c58194f0, L_00000246c58198e0, C4<0>, C4<0>;
L_00000246c5818d10 .functor AND 1, L_00000246c580d080, L_00000246c580c220, C4<1>, C4<1>;
L_00000246c5819950 .functor OR 1, L_00000246c5818ae0, L_00000246c5818d10, C4<0>, C4<0>;
v00000246c57f6a80_0 .net *"_ivl_0", 0 0, L_00000246c58188b0;  1 drivers
v00000246c57f6080_0 .net *"_ivl_10", 0 0, L_00000246c5818d10;  1 drivers
v00000246c57f7200_0 .net *"_ivl_4", 0 0, L_00000246c58194f0;  1 drivers
v00000246c57f6620_0 .net *"_ivl_6", 0 0, L_00000246c58198e0;  1 drivers
v00000246c57f6da0_0 .net *"_ivl_8", 0 0, L_00000246c5818ae0;  1 drivers
v00000246c57f63a0_0 .net "a", 0 0, L_00000246c580d080;  1 drivers
v00000246c57f6440_0 .net "b", 0 0, L_00000246c580c180;  1 drivers
v00000246c57f61c0_0 .net "cin", 0 0, L_00000246c580c220;  1 drivers
v00000246c57f6120_0 .net "cout", 0 0, L_00000246c5819950;  1 drivers
v00000246c57f6260_0 .net "sum", 0 0, L_00000246c58185a0;  1 drivers
S_00000246c57f8500 .scope generate, "adder_loop[20]" "adder_loop[20]" 2 26, 2 26 0, S_00000246c56b6640;
 .timescale 0 0;
P_00000246c57337a0 .param/l "i" 0 2 26, +C4<010100>;
S_00000246c57f8050 .scope generate, "genblk1" "genblk1" 2 27, 2 27 0, S_00000246c57f8500;
 .timescale 0 0;
S_00000246c57f7d30 .scope module, "FA" "full_adder" 2 33, 2 2 0, S_00000246c57f8050;
 .timescale 0 0;
    .port_info 0 /INPUT 1 "a";
    .port_info 1 /INPUT 1 "b";
    .port_info 2 /INPUT 1 "cin";
    .port_info 3 /OUTPUT 1 "sum";
    .port_info 4 /OUTPUT 1 "cout";
L_00000246c5818990 .functor XOR 1, L_00000246c580d4e0, L_00000246c580ef20, C4<0>, C4<0>;
L_00000246c5818c30 .functor XOR 1, L_00000246c5818990, L_00000246c580f2e0, C4<0>, C4<0>;
L_00000246c58191e0 .functor AND 1, L_00000246c580d4e0, L_00000246c580ef20, C4<1>, C4<1>;
L_00000246c5817e30 .functor AND 1, L_00000246c580ef20, L_00000246c580f2e0, C4<1>, C4<1>;
L_00000246c5817ea0 .functor OR 1, L_00000246c58191e0, L_00000246c5817e30, C4<0>, C4<0>;
L_00000246c5817ff0 .functor AND 1, L_00000246c580d4e0, L_00000246c580f2e0, C4<1>, C4<1>;
L_00000246c5818e60 .functor OR 1, L_00000246c5817ea0, L_00000246c5817ff0, C4<0>, C4<0>;
v00000246c57f7020_0 .net *"_ivl_0", 0 0, L_00000246c5818990;  1 drivers
v00000246c57f6e40_0 .net *"_ivl_10", 0 0, L_00000246c5817ff0;  1 drivers
v00000246c57f70c0_0 .net *"_ivl_4", 0 0, L_00000246c58191e0;  1 drivers
v00000246c57f6940_0 .net *"_ivl_6", 0 0, L_00000246c5817e30;  1 drivers
v00000246c57f73e0_0 .net *"_ivl_8", 0 0, L_00000246c5817ea0;  1 drivers
v00000246c57f6d00_0 .net "a", 0 0, L_00000246c580d4e0;  1 drivers
v00000246c57f5d60_0 .net "b", 0 0, L_00000246c580ef20;  1 drivers
v00000246c57f7160_0 .net "cin", 0 0, L_00000246c580f2e0;  1 drivers
v00000246c57f6b20_0 .net "cout", 0 0, L_00000246c5818e60;  1 drivers
v00000246c57f7340_0 .net "sum", 0 0, L_00000246c5818c30;  1 drivers
S_00000246c57f7ec0 .scope generate, "adder_loop[21]" "adder_loop[21]" 2 26, 2 26 0, S_00000246c56b6640;
 .timescale 0 0;
P_00000246c5733020 .param/l "i" 0 2 26, +C4<010101>;
S_00000246c57f81e0 .scope generate, "genblk1" "genblk1" 2 27, 2 27 0, S_00000246c57f7ec0;
 .timescale 0 0;
S_00000246c57f8690 .scope module, "FA" "full_adder" 2 33, 2 2 0, S_00000246c57f81e0;
 .timescale 0 0;
    .port_info 0 /INPUT 1 "a";
    .port_info 1 /INPUT 1 "b";
    .port_info 2 /INPUT 1 "cin";
    .port_info 3 /OUTPUT 1 "sum";
    .port_info 4 /OUTPUT 1 "cout";
L_00000246c5818ed0 .functor XOR 1, L_00000246c580e200, L_00000246c580e0c0, C4<0>, C4<0>;
L_00000246c5818fb0 .functor XOR 1, L_00000246c5818ed0, L_00000246c580dee0, C4<0>, C4<0>;
L_00000246c5818f40 .functor AND 1, L_00000246c580e200, L_00000246c580e0c0, C4<1>, C4<1>;
L_00000246c5819cd0 .functor AND 1, L_00000246c580e0c0, L_00000246c580dee0, C4<1>, C4<1>;
L_00000246c58199c0 .functor OR 1, L_00000246c5818f40, L_00000246c5819cd0, C4<0>, C4<0>;
L_00000246c5819b10 .functor AND 1, L_00000246c580e200, L_00000246c580dee0, C4<1>, C4<1>;
L_00000246c5819b80 .functor OR 1, L_00000246c58199c0, L_00000246c5819b10, C4<0>, C4<0>;
v00000246c57f6ee0_0 .net *"_ivl_0", 0 0, L_00000246c5818ed0;  1 drivers
v00000246c57f6c60_0 .net *"_ivl_10", 0 0, L_00000246c5819b10;  1 drivers
v00000246c57f66c0_0 .net *"_ivl_4", 0 0, L_00000246c5818f40;  1 drivers
v00000246c57f69e0_0 .net *"_ivl_6", 0 0, L_00000246c5819cd0;  1 drivers
v00000246c57f6f80_0 .net *"_ivl_8", 0 0, L_00000246c58199c0;  1 drivers
v00000246c57f64e0_0 .net "a", 0 0, L_00000246c580e200;  1 drivers
v00000246c57f5e00_0 .net "b", 0 0, L_00000246c580e0c0;  1 drivers
v00000246c57f5ea0_0 .net "cin", 0 0, L_00000246c580dee0;  1 drivers
v00000246c57f6760_0 .net "cout", 0 0, L_00000246c5819b80;  1 drivers
v00000246c57f6800_0 .net "sum", 0 0, L_00000246c5818fb0;  1 drivers
S_00000246c5803b50 .scope generate, "adder_loop[22]" "adder_loop[22]" 2 26, 2 26 0, S_00000246c56b6640;
 .timescale 0 0;
P_00000246c5733060 .param/l "i" 0 2 26, +C4<010110>;
S_00000246c58047d0 .scope generate, "genblk1" "genblk1" 2 27, 2 27 0, S_00000246c5803b50;
 .timescale 0 0;
S_00000246c5804c80 .scope module, "FA" "full_adder" 2 33, 2 2 0, S_00000246c58047d0;
 .timescale 0 0;
    .port_info 0 /INPUT 1 "a";
    .port_info 1 /INPUT 1 "b";
    .port_info 2 /INPUT 1 "cin";
    .port_info 3 /OUTPUT 1 "sum";
    .port_info 4 /OUTPUT 1 "cout";
L_00000246c5819a30 .functor XOR 1, L_00000246c580f380, L_00000246c580e7a0, C4<0>, C4<0>;
L_00000246c5819bf0 .functor XOR 1, L_00000246c5819a30, L_00000246c580f420, C4<0>, C4<0>;
L_00000246c5819c60 .functor AND 1, L_00000246c580f380, L_00000246c580e7a0, C4<1>, C4<1>;
L_00000246c5819aa0 .functor AND 1, L_00000246c580e7a0, L_00000246c580f420, C4<1>, C4<1>;
L_00000246c581cb00 .functor OR 1, L_00000246c5819c60, L_00000246c5819aa0, C4<0>, C4<0>;
L_00000246c581c860 .functor AND 1, L_00000246c580f380, L_00000246c580f420, C4<1>, C4<1>;
L_00000246c581d200 .functor OR 1, L_00000246c581cb00, L_00000246c581c860, C4<0>, C4<0>;
v00000246c57f68a0_0 .net *"_ivl_0", 0 0, L_00000246c5819a30;  1 drivers
v00000246c58092c0_0 .net *"_ivl_10", 0 0, L_00000246c581c860;  1 drivers
v00000246c5808a00_0 .net *"_ivl_4", 0 0, L_00000246c5819c60;  1 drivers
v00000246c5808960_0 .net *"_ivl_6", 0 0, L_00000246c5819aa0;  1 drivers
v00000246c5808aa0_0 .net *"_ivl_8", 0 0, L_00000246c581cb00;  1 drivers
v00000246c5808780_0 .net "a", 0 0, L_00000246c580f380;  1 drivers
v00000246c5809360_0 .net "b", 0 0, L_00000246c580e7a0;  1 drivers
v00000246c5808f00_0 .net "cin", 0 0, L_00000246c580f420;  1 drivers
v00000246c5809220_0 .net "cout", 0 0, L_00000246c581d200;  1 drivers
v00000246c5809400_0 .net "sum", 0 0, L_00000246c5819bf0;  1 drivers
S_00000246c5804190 .scope generate, "adder_loop[23]" "adder_loop[23]" 2 26, 2 26 0, S_00000246c56b6640;
 .timescale 0 0;
P_00000246c5732ca0 .param/l "i" 0 2 26, +C4<010111>;
S_00000246c5804640 .scope generate, "genblk1" "genblk1" 2 27, 2 27 0, S_00000246c5804190;
 .timescale 0 0;
S_00000246c5803ce0 .scope module, "FA" "full_adder" 2 33, 2 2 0, S_00000246c5804640;
 .timescale 0 0;
    .port_info 0 /INPUT 1 "a";
    .port_info 1 /INPUT 1 "b";
    .port_info 2 /INPUT 1 "cin";
    .port_info 3 /OUTPUT 1 "sum";
    .port_info 4 /OUTPUT 1 "cout";
L_00000246c581d3c0 .functor XOR 1, L_00000246c580e8e0, L_00000246c580ed40, C4<0>, C4<0>;
L_00000246c581df20 .functor XOR 1, L_00000246c581d3c0, L_00000246c580eca0, C4<0>, C4<0>;
L_00000246c581cc50 .functor AND 1, L_00000246c580e8e0, L_00000246c580ed40, C4<1>, C4<1>;
L_00000246c581de40 .functor AND 1, L_00000246c580ed40, L_00000246c580eca0, C4<1>, C4<1>;
L_00000246c581d970 .functor OR 1, L_00000246c581cc50, L_00000246c581de40, C4<0>, C4<0>;
L_00000246c581cda0 .functor AND 1, L_00000246c580e8e0, L_00000246c580eca0, C4<1>, C4<1>;
L_00000246c581dd60 .functor OR 1, L_00000246c581d970, L_00000246c581cda0, C4<0>, C4<0>;
v00000246c5808b40_0 .net *"_ivl_0", 0 0, L_00000246c581d3c0;  1 drivers
v00000246c5809180_0 .net *"_ivl_10", 0 0, L_00000246c581cda0;  1 drivers
v00000246c5808500_0 .net *"_ivl_4", 0 0, L_00000246c581cc50;  1 drivers
v00000246c5808d20_0 .net *"_ivl_6", 0 0, L_00000246c581de40;  1 drivers
v00000246c5808e60_0 .net *"_ivl_8", 0 0, L_00000246c581d970;  1 drivers
v00000246c5808320_0 .net "a", 0 0, L_00000246c580e8e0;  1 drivers
v00000246c58083c0_0 .net "b", 0 0, L_00000246c580ed40;  1 drivers
v00000246c58094a0_0 .net "cin", 0 0, L_00000246c580eca0;  1 drivers
v00000246c58086e0_0 .net "cout", 0 0, L_00000246c581dd60;  1 drivers
v00000246c5808be0_0 .net "sum", 0 0, L_00000246c581df20;  1 drivers
S_00000246c5804000 .scope generate, "adder_loop[24]" "adder_loop[24]" 2 26, 2 26 0, S_00000246c56b6640;
 .timescale 0 0;
P_00000246c5732ce0 .param/l "i" 0 2 26, +C4<011000>;
S_00000246c58036a0 .scope generate, "genblk1" "genblk1" 2 27, 2 27 0, S_00000246c5804000;
 .timescale 0 0;
S_00000246c5803830 .scope module, "FA" "full_adder" 2 33, 2 2 0, S_00000246c58036a0;
 .timescale 0 0;
    .port_info 0 /INPUT 1 "a";
    .port_info 1 /INPUT 1 "b";
    .port_info 2 /INPUT 1 "cin";
    .port_info 3 /OUTPUT 1 "sum";
    .port_info 4 /OUTPUT 1 "cout";
L_00000246c581df90 .functor XOR 1, L_00000246c580e840, L_00000246c580df80, C4<0>, C4<0>;
L_00000246c581d660 .functor XOR 1, L_00000246c581df90, L_00000246c580e980, C4<0>, C4<0>;
L_00000246c581ce10 .functor AND 1, L_00000246c580e840, L_00000246c580df80, C4<1>, C4<1>;
L_00000246c581d430 .functor AND 1, L_00000246c580df80, L_00000246c580e980, C4<1>, C4<1>;
L_00000246c581c8d0 .functor OR 1, L_00000246c581ce10, L_00000246c581d430, C4<0>, C4<0>;
L_00000246c581c940 .functor AND 1, L_00000246c580e840, L_00000246c580e980, C4<1>, C4<1>;
L_00000246c581e310 .functor OR 1, L_00000246c581c8d0, L_00000246c581c940, C4<0>, C4<0>;
v00000246c58088c0_0 .net *"_ivl_0", 0 0, L_00000246c581df90;  1 drivers
v00000246c5808640_0 .net *"_ivl_10", 0 0, L_00000246c581c940;  1 drivers
v00000246c5808c80_0 .net *"_ivl_4", 0 0, L_00000246c581ce10;  1 drivers
v00000246c5809540_0 .net *"_ivl_6", 0 0, L_00000246c581d430;  1 drivers
v00000246c5808460_0 .net *"_ivl_8", 0 0, L_00000246c581c8d0;  1 drivers
v00000246c5809040_0 .net "a", 0 0, L_00000246c580e840;  1 drivers
v00000246c5807ec0_0 .net "b", 0 0, L_00000246c580df80;  1 drivers
v00000246c58090e0_0 .net "cin", 0 0, L_00000246c580e980;  1 drivers
v00000246c5808dc0_0 .net "cout", 0 0, L_00000246c581e310;  1 drivers
v00000246c5808fa0_0 .net "sum", 0 0, L_00000246c581d660;  1 drivers
S_00000246c58044b0 .scope generate, "adder_loop[25]" "adder_loop[25]" 2 26, 2 26 0, S_00000246c56b6640;
 .timescale 0 0;
P_00000246c5732ba0 .param/l "i" 0 2 26, +C4<011001>;
S_00000246c58039c0 .scope generate, "genblk1" "genblk1" 2 27, 2 27 0, S_00000246c58044b0;
 .timescale 0 0;
S_00000246c5804960 .scope module, "FA" "full_adder" 2 33, 2 2 0, S_00000246c58039c0;
 .timescale 0 0;
    .port_info 0 /INPUT 1 "a";
    .port_info 1 /INPUT 1 "b";
    .port_info 2 /INPUT 1 "cin";
    .port_info 3 /OUTPUT 1 "sum";
    .port_info 4 /OUTPUT 1 "cout";
L_00000246c581d9e0 .functor XOR 1, L_00000246c580ee80, L_00000246c580eb60, C4<0>, C4<0>;
L_00000246c581d040 .functor XOR 1, L_00000246c581d9e0, L_00000246c580f1a0, C4<0>, C4<0>;
L_00000246c581e2a0 .functor AND 1, L_00000246c580ee80, L_00000246c580eb60, C4<1>, C4<1>;
L_00000246c581cd30 .functor AND 1, L_00000246c580eb60, L_00000246c580f1a0, C4<1>, C4<1>;
L_00000246c581e000 .functor OR 1, L_00000246c581e2a0, L_00000246c581cd30, C4<0>, C4<0>;
L_00000246c581dac0 .functor AND 1, L_00000246c580ee80, L_00000246c580f1a0, C4<1>, C4<1>;
L_00000246c581dc10 .functor OR 1, L_00000246c581e000, L_00000246c581dac0, C4<0>, C4<0>;
v00000246c5807f60_0 .net *"_ivl_0", 0 0, L_00000246c581d9e0;  1 drivers
v00000246c5808000_0 .net *"_ivl_10", 0 0, L_00000246c581dac0;  1 drivers
v00000246c58085a0_0 .net *"_ivl_4", 0 0, L_00000246c581e2a0;  1 drivers
v00000246c5808820_0 .net *"_ivl_6", 0 0, L_00000246c581cd30;  1 drivers
v00000246c58080a0_0 .net *"_ivl_8", 0 0, L_00000246c581e000;  1 drivers
v00000246c5808140_0 .net "a", 0 0, L_00000246c580ee80;  1 drivers
v00000246c58081e0_0 .net "b", 0 0, L_00000246c580eb60;  1 drivers
v00000246c5808280_0 .net "cin", 0 0, L_00000246c580f1a0;  1 drivers
v00000246c5806200_0 .net "cout", 0 0, L_00000246c581dc10;  1 drivers
v00000246c5806480_0 .net "sum", 0 0, L_00000246c581d040;  1 drivers
S_00000246c5804af0 .scope generate, "adder_loop[26]" "adder_loop[26]" 2 26, 2 26 0, S_00000246c56b6640;
 .timescale 0 0;
P_00000246c5733860 .param/l "i" 0 2 26, +C4<011010>;
S_00000246c5805130 .scope generate, "genblk1" "genblk1" 2 27, 2 27 0, S_00000246c5804af0;
 .timescale 0 0;
S_00000246c5804e10 .scope module, "FA" "full_adder" 2 33, 2 2 0, S_00000246c5805130;
 .timescale 0 0;
    .port_info 0 /INPUT 1 "a";
    .port_info 1 /INPUT 1 "b";
    .port_info 2 /INPUT 1 "cin";
    .port_info 3 /OUTPUT 1 "sum";
    .port_info 4 /OUTPUT 1 "cout";
L_00000246c581c780 .functor XOR 1, L_00000246c580e700, L_00000246c580f240, C4<0>, C4<0>;
L_00000246c581c9b0 .functor XOR 1, L_00000246c581c780, L_00000246c580e160, C4<0>, C4<0>;
L_00000246c581ca20 .functor AND 1, L_00000246c580e700, L_00000246c580f240, C4<1>, C4<1>;
L_00000246c581d740 .functor AND 1, L_00000246c580f240, L_00000246c580e160, C4<1>, C4<1>;
L_00000246c581d890 .functor OR 1, L_00000246c581ca20, L_00000246c581d740, C4<0>, C4<0>;
L_00000246c581d5f0 .functor AND 1, L_00000246c580e700, L_00000246c580e160, C4<1>, C4<1>;
L_00000246c581d350 .functor OR 1, L_00000246c581d890, L_00000246c581d5f0, C4<0>, C4<0>;
v00000246c5807d80_0 .net *"_ivl_0", 0 0, L_00000246c581c780;  1 drivers
v00000246c5805940_0 .net *"_ivl_10", 0 0, L_00000246c581d5f0;  1 drivers
v00000246c5806b60_0 .net *"_ivl_4", 0 0, L_00000246c581ca20;  1 drivers
v00000246c5806ac0_0 .net *"_ivl_6", 0 0, L_00000246c581d740;  1 drivers
v00000246c5806980_0 .net *"_ivl_8", 0 0, L_00000246c581d890;  1 drivers
v00000246c5805800_0 .net "a", 0 0, L_00000246c580e700;  1 drivers
v00000246c5806f20_0 .net "b", 0 0, L_00000246c580f240;  1 drivers
v00000246c5806c00_0 .net "cin", 0 0, L_00000246c580e160;  1 drivers
v00000246c5805760_0 .net "cout", 0 0, L_00000246c581d350;  1 drivers
v00000246c5806520_0 .net "sum", 0 0, L_00000246c581c9b0;  1 drivers
S_00000246c5804fa0 .scope generate, "adder_loop[27]" "adder_loop[27]" 2 26, 2 26 0, S_00000246c56b6640;
 .timescale 0 0;
P_00000246c5732e60 .param/l "i" 0 2 26, +C4<011011>;
S_00000246c58052c0 .scope generate, "genblk1" "genblk1" 2 27, 2 27 0, S_00000246c5804fa0;
 .timescale 0 0;
S_00000246c5805450 .scope module, "FA" "full_adder" 2 33, 2 2 0, S_00000246c58052c0;
 .timescale 0 0;
    .port_info 0 /INPUT 1 "a";
    .port_info 1 /INPUT 1 "b";
    .port_info 2 /INPUT 1 "cin";
    .port_info 3 /OUTPUT 1 "sum";
    .port_info 4 /OUTPUT 1 "cout";
L_00000246c581d7b0 .functor XOR 1, L_00000246c580e020, L_00000246c580e2a0, C4<0>, C4<0>;
L_00000246c581d820 .functor XOR 1, L_00000246c581d7b0, L_00000246c580ea20, C4<0>, C4<0>;
L_00000246c581e070 .functor AND 1, L_00000246c580e020, L_00000246c580e2a0, C4<1>, C4<1>;
L_00000246c581d0b0 .functor AND 1, L_00000246c580e2a0, L_00000246c580ea20, C4<1>, C4<1>;
L_00000246c581ca90 .functor OR 1, L_00000246c581e070, L_00000246c581d0b0, C4<0>, C4<0>;
L_00000246c581d900 .functor AND 1, L_00000246c580e020, L_00000246c580ea20, C4<1>, C4<1>;
L_00000246c581ce80 .functor OR 1, L_00000246c581ca90, L_00000246c581d900, C4<0>, C4<0>;
v00000246c5807920_0 .net *"_ivl_0", 0 0, L_00000246c581d7b0;  1 drivers
v00000246c5807880_0 .net *"_ivl_10", 0 0, L_00000246c581d900;  1 drivers
v00000246c5805b20_0 .net *"_ivl_4", 0 0, L_00000246c581e070;  1 drivers
v00000246c58079c0_0 .net *"_ivl_6", 0 0, L_00000246c581d0b0;  1 drivers
v00000246c5805bc0_0 .net *"_ivl_8", 0 0, L_00000246c581ca90;  1 drivers
v00000246c5807560_0 .net "a", 0 0, L_00000246c580e020;  1 drivers
v00000246c5806d40_0 .net "b", 0 0, L_00000246c580e2a0;  1 drivers
v00000246c5806700_0 .net "cin", 0 0, L_00000246c580ea20;  1 drivers
v00000246c58060c0_0 .net "cout", 0 0, L_00000246c581ce80;  1 drivers
v00000246c5806ca0_0 .net "sum", 0 0, L_00000246c581d820;  1 drivers
S_00000246c5803e70 .scope generate, "adder_loop[28]" "adder_loop[28]" 2 26, 2 26 0, S_00000246c56b6640;
 .timescale 0 0;
P_00000246c57338e0 .param/l "i" 0 2 26, +C4<011100>;
S_00000246c5804320 .scope generate, "genblk1" "genblk1" 2 27, 2 27 0, S_00000246c5803e70;
 .timescale 0 0;
S_00000246c580a660 .scope module, "FA" "full_adder" 2 33, 2 2 0, S_00000246c5804320;
 .timescale 0 0;
    .port_info 0 /INPUT 1 "a";
    .port_info 1 /INPUT 1 "b";
    .port_info 2 /INPUT 1 "cin";
    .port_info 3 /OUTPUT 1 "sum";
    .port_info 4 /OUTPUT 1 "cout";
L_00000246c581c7f0 .functor XOR 1, L_00000246c580e520, L_00000246c580eac0, C4<0>, C4<0>;
L_00000246c581cf60 .functor XOR 1, L_00000246c581c7f0, L_00000246c580ec00, C4<0>, C4<0>;
L_00000246c581e0e0 .functor AND 1, L_00000246c580e520, L_00000246c580eac0, C4<1>, C4<1>;
L_00000246c581d120 .functor AND 1, L_00000246c580eac0, L_00000246c580ec00, C4<1>, C4<1>;
L_00000246c581d510 .functor OR 1, L_00000246c581e0e0, L_00000246c581d120, C4<0>, C4<0>;
L_00000246c581cfd0 .functor AND 1, L_00000246c580e520, L_00000246c580ec00, C4<1>, C4<1>;
L_00000246c581cb70 .functor OR 1, L_00000246c581d510, L_00000246c581cfd0, C4<0>, C4<0>;
v00000246c5807a60_0 .net *"_ivl_0", 0 0, L_00000246c581c7f0;  1 drivers
v00000246c5807b00_0 .net *"_ivl_10", 0 0, L_00000246c581cfd0;  1 drivers
v00000246c5806a20_0 .net *"_ivl_4", 0 0, L_00000246c581e0e0;  1 drivers
v00000246c5807ba0_0 .net *"_ivl_6", 0 0, L_00000246c581d120;  1 drivers
v00000246c5807100_0 .net *"_ivl_8", 0 0, L_00000246c581d510;  1 drivers
v00000246c5806de0_0 .net "a", 0 0, L_00000246c580e520;  1 drivers
v00000246c5805da0_0 .net "b", 0 0, L_00000246c580eac0;  1 drivers
v00000246c58065c0_0 .net "cin", 0 0, L_00000246c580ec00;  1 drivers
v00000246c5806e80_0 .net "cout", 0 0, L_00000246c581cb70;  1 drivers
v00000246c5806660_0 .net "sum", 0 0, L_00000246c581cf60;  1 drivers
S_00000246c580ae30 .scope generate, "adder_loop[29]" "adder_loop[29]" 2 26, 2 26 0, S_00000246c56b6640;
 .timescale 0 0;
P_00000246c5733460 .param/l "i" 0 2 26, +C4<011101>;
S_00000246c580a4d0 .scope generate, "genblk1" "genblk1" 2 27, 2 27 0, S_00000246c580ae30;
 .timescale 0 0;
S_00000246c580a1b0 .scope module, "FA" "full_adder" 2 33, 2 2 0, S_00000246c580a4d0;
 .timescale 0 0;
    .port_info 0 /INPUT 1 "a";
    .port_info 1 /INPUT 1 "b";
    .port_info 2 /INPUT 1 "cin";
    .port_info 3 /OUTPUT 1 "sum";
    .port_info 4 /OUTPUT 1 "cout";
L_00000246c581d190 .functor XOR 1, L_00000246c580e340, L_00000246c580e5c0, C4<0>, C4<0>;
L_00000246c581dc80 .functor XOR 1, L_00000246c581d190, L_00000246c580ede0, C4<0>, C4<0>;
L_00000246c581cbe0 .functor AND 1, L_00000246c580e340, L_00000246c580e5c0, C4<1>, C4<1>;
L_00000246c581ccc0 .functor AND 1, L_00000246c580e5c0, L_00000246c580ede0, C4<1>, C4<1>;
L_00000246c581d270 .functor OR 1, L_00000246c581cbe0, L_00000246c581ccc0, C4<0>, C4<0>;
L_00000246c581d6d0 .functor AND 1, L_00000246c580e340, L_00000246c580ede0, C4<1>, C4<1>;
L_00000246c581e150 .functor OR 1, L_00000246c581d270, L_00000246c581d6d0, C4<0>, C4<0>;
v00000246c5805d00_0 .net *"_ivl_0", 0 0, L_00000246c581d190;  1 drivers
v00000246c5807c40_0 .net *"_ivl_10", 0 0, L_00000246c581d6d0;  1 drivers
v00000246c58067a0_0 .net *"_ivl_4", 0 0, L_00000246c581cbe0;  1 drivers
v00000246c5806840_0 .net *"_ivl_6", 0 0, L_00000246c581ccc0;  1 drivers
v00000246c5805c60_0 .net *"_ivl_8", 0 0, L_00000246c581d270;  1 drivers
v00000246c5806fc0_0 .net "a", 0 0, L_00000246c580e340;  1 drivers
v00000246c5807ce0_0 .net "b", 0 0, L_00000246c580e5c0;  1 drivers
v00000246c5806160_0 .net "cin", 0 0, L_00000246c580ede0;  1 drivers
v00000246c58068e0_0 .net "cout", 0 0, L_00000246c581e150;  1 drivers
v00000246c5807060_0 .net "sum", 0 0, L_00000246c581dc80;  1 drivers
S_00000246c580a7f0 .scope generate, "adder_loop[30]" "adder_loop[30]" 2 26, 2 26 0, S_00000246c56b6640;
 .timescale 0 0;
P_00000246c57334a0 .param/l "i" 0 2 26, +C4<011110>;
S_00000246c5809e90 .scope generate, "genblk1" "genblk1" 2 27, 2 27 0, S_00000246c580a7f0;
 .timescale 0 0;
S_00000246c5809d00 .scope module, "FA" "full_adder" 2 33, 2 2 0, S_00000246c5809e90;
 .timescale 0 0;
    .port_info 0 /INPUT 1 "a";
    .port_info 1 /INPUT 1 "b";
    .port_info 2 /INPUT 1 "cin";
    .port_info 3 /OUTPUT 1 "sum";
    .port_info 4 /OUTPUT 1 "cout";
L_00000246c581cef0 .functor XOR 1, L_00000246c580efc0, L_00000246c580f060, C4<0>, C4<0>;
L_00000246c581deb0 .functor XOR 1, L_00000246c581cef0, L_00000246c580f4c0, C4<0>, C4<0>;
L_00000246c581d2e0 .functor AND 1, L_00000246c580efc0, L_00000246c580f060, C4<1>, C4<1>;
L_00000246c581d4a0 .functor AND 1, L_00000246c580f060, L_00000246c580f4c0, C4<1>, C4<1>;
L_00000246c581e1c0 .functor OR 1, L_00000246c581d2e0, L_00000246c581d4a0, C4<0>, C4<0>;
L_00000246c581d580 .functor AND 1, L_00000246c580efc0, L_00000246c580f4c0, C4<1>, C4<1>;
L_00000246c581da50 .functor OR 1, L_00000246c581e1c0, L_00000246c581d580, C4<0>, C4<0>;
v00000246c58062a0_0 .net *"_ivl_0", 0 0, L_00000246c581cef0;  1 drivers
v00000246c58071a0_0 .net *"_ivl_10", 0 0, L_00000246c581d580;  1 drivers
v00000246c5807e20_0 .net *"_ivl_4", 0 0, L_00000246c581d2e0;  1 drivers
v00000246c5807240_0 .net *"_ivl_6", 0 0, L_00000246c581d4a0;  1 drivers
v00000246c5805e40_0 .net *"_ivl_8", 0 0, L_00000246c581e1c0;  1 drivers
v00000246c58056c0_0 .net "a", 0 0, L_00000246c580efc0;  1 drivers
v00000246c58058a0_0 .net "b", 0 0, L_00000246c580f060;  1 drivers
v00000246c58072e0_0 .net "cin", 0 0, L_00000246c580f4c0;  1 drivers
v00000246c5807380_0 .net "cout", 0 0, L_00000246c581da50;  1 drivers
v00000246c5807600_0 .net "sum", 0 0, L_00000246c581deb0;  1 drivers
S_00000246c580a980 .scope generate, "adder_loop[31]" "adder_loop[31]" 2 26, 2 26 0, S_00000246c56b6640;
 .timescale 0 0;
P_00000246c57332e0 .param/l "i" 0 2 26, +C4<011111>;
S_00000246c580a340 .scope generate, "genblk1" "genblk1" 2 27, 2 27 0, S_00000246c580a980;
 .timescale 0 0;
S_00000246c580a020 .scope module, "FA" "full_adder" 2 33, 2 2 0, S_00000246c580a340;
 .timescale 0 0;
    .port_info 0 /INPUT 1 "a";
    .port_info 1 /INPUT 1 "b";
    .port_info 2 /INPUT 1 "cin";
    .port_info 3 /OUTPUT 1 "sum";
    .port_info 4 /OUTPUT 1 "cout";
L_00000246c581db30 .functor XOR 1, L_00000246c580f100, L_00000246c580f560, C4<0>, C4<0>;
L_00000246c581dba0 .functor XOR 1, L_00000246c581db30, L_00000246c580e3e0, C4<0>, C4<0>;
L_00000246c581dcf0 .functor AND 1, L_00000246c580f100, L_00000246c580f560, C4<1>, C4<1>;
L_00000246c581ddd0 .functor AND 1, L_00000246c580f560, L_00000246c580e3e0, C4<1>, C4<1>;
L_00000246c581e230 .functor OR 1, L_00000246c581dcf0, L_00000246c581ddd0, C4<0>, C4<0>;
L_00000246c581e620 .functor AND 1, L_00000246c580f100, L_00000246c580e3e0, C4<1>, C4<1>;
L_00000246c581e5b0 .functor OR 1, L_00000246c581e230, L_00000246c581e620, C4<0>, C4<0>;
v00000246c5805ee0_0 .net *"_ivl_0", 0 0, L_00000246c581db30;  1 drivers
v00000246c5805f80_0 .net *"_ivl_10", 0 0, L_00000246c581e620;  1 drivers
v00000246c5807420_0 .net *"_ivl_4", 0 0, L_00000246c581dcf0;  1 drivers
v00000246c58074c0_0 .net *"_ivl_6", 0 0, L_00000246c581ddd0;  1 drivers
v00000246c58059e0_0 .net *"_ivl_8", 0 0, L_00000246c581e230;  1 drivers
v00000246c5805a80_0 .net "a", 0 0, L_00000246c580f100;  1 drivers
v00000246c58076a0_0 .net "b", 0 0, L_00000246c580f560;  1 drivers
v00000246c5807740_0 .net "cin", 0 0, L_00000246c580e3e0;  1 drivers
v00000246c5806020_0 .net "cout", 0 0, L_00000246c581e5b0;  1 drivers
v00000246c5806340_0 .net "sum", 0 0, L_00000246c581dba0;  1 drivers
# The file index is used to find the file name in the following table.
:file_names 3;
    "N/A";
    "<interactive>";
    "32.v";
